2026-04-11 11:05:06,678 - __main__ - INFO - Starting simulation with config: num_agents=100, num_steps=500, scarcity_level=0.5
2026-04-11 11:05:06,678 - __main__ - INFO - Created 100 agents with resource distribution: uniform
2026-04-11 11:05:06,678 - __main__ - INFO - Initial resources - min: 10, max: 10, avg: 10.00
2026-04-11 11:05:06,678 - simulation.simulation - DEBUG - Step 0: Recorded metrics - {'tick': 1, 'gini': 0.0, 'total_wealth': 1000, 'avg_wealth': 10.0}
2026-04-11 11:05:06,679 - simulation.simulation - DEBUG - Step 1: Recorded metrics - {'tick': 2, 'gini': 0.0, 'total_wealth': 1000, 'avg_wealth': 10.0}
2026-04-11 11:05:06,679 - simulation.simulation - DEBUG - Step 2: Recorded metrics - {'tick': 3, 'gini': 0.0, 'total_wealth': 1000, 'avg_wealth': 10.0}
2026-04-11 11:05:06,679 - simulation.simulation - DEBUG - Step 3: Recorded metrics - {'tick': 4, 'gini': 0.0, 'total_wealth': 1000, 'avg_wealth': 10.0}
2026-04-11 11:05:06,679 - simulation.simulation - DEBUG - Step 4: Recorded metrics - {'tick': 5, 'gini': 0.0, 'total_wealth': 1000, 'avg_wealth': 10.0}
2026-04-11 11:05:06,679 - simulation.simulation - DEBUG - Step 5: Recorded metrics - {'tick': 6, 'gini': 0.0, 'total_wealth': 1000, 'avg_wealth': 10.0}
2026-04-11 11:05:06,679 - simulation.simulation - DEBUG - Step 6: Recorded metrics - {'tick': 7, 'gini': 0.0, 'total_wealth': 1000, 'avg_wealth': 10.0}
2026-04-11 11:05:06,679 - simulation.simulation - DEBUG - Step 7: Recorded metrics - {'tick': 8, 'gini': 0.0, 'total_wealth': 1000, 'avg_wealth': 10.0}
2026-04-11 11:05:06,680 - simulation.simulation - DEBUG - Step 8: Recorded metrics - {'tick': 9, 'gini': 0.0, 'total_wealth': 1000, 'avg_wealth': 10.0}
2026-04-11 11:05:06,680 - simulation.simulation - DEBUG - Step 9: Recorded metrics - {'tick': 10, 'gini': 0.0, 'total_wealth': 1000, 'avg_wealth': 10.0}
2026-04-11 11:05:06,680 - simulation.simulation - DEBUG - Step 10: Recorded metrics - {'tick': 11, 'gini': 0.0, 'total_wealth': 1000, 'avg_wealth': 10.0}
2026-04-11 11:05:06,680 - simulation.simulation - DEBUG - Step 11: Recorded metrics - {'tick': 12, 'gini': 0.0, 'total_wealth': 1000, 'avg_wealth': 10.0}
2026-04-11 11:05:06,680 - simulation.simulation - DEBUG - Step 12: Recorded metrics - {'tick': 13, 'gini': 0.0, 'total_wealth': 1000, 'avg_wealth': 10.0}
2026-04-11 11:05:06,680 - simulation.simulation - DEBUG - Step 13: Recorded metrics - {'tick': 14, 'gini': 0.0, 'total_wealth': 1000, 'avg_wealth': 10.0}
2026-04-11 11:05:06,680 - simulation.simulation - DEBUG - Step 14: Recorded metrics - {'tick': 15, 'gini': 0.0, 'total_wealth': 1000, 'avg_wealth': 10.0}
2026-04-11 11:05:06,681 - simulation.simulation - DEBUG - Step 15: Recorded metrics - {'tick': 16, 'gini': 0.0, 'total_wealth': 1000, 'avg_wealth': 10.0}
2026-04-11 11:05:06,681 - simulation.simulation - DEBUG - Step 16: Recorded metrics - {'tick': 17, 'gini': 0.0, 'total_wealth': 1000, 'avg_wealth': 10.0}
2026-04-11 11:05:06,681 - simulation.simulation - DEBUG - Step 17: Recorded metrics - {'tick': 18, 'gini': 0.0, 'total_wealth': 1000, 'avg_wealth': 10.0}
2026-04-11 11:05:06,681 - simulation.simulation - DEBUG - Step 18: Recorded metrics - {'tick': 19, 'gini': 0.0, 'total_wealth': 1000, 'avg_wealth': 10.0}
2026-04-11 11:05:06,682 - simulation.simulation - DEBUG - Step 19: Recorded metrics - {'tick': 20, 'gini': 0.0, 'total_wealth': 1000, 'avg_wealth': 10.0}
2026-04-11 11:05:06,682 - simulation.simulation - DEBUG - Step 20: Recorded metrics - {'tick': 21, 'gini': 0.0, 'total_wealth': 1000, 'avg_wealth': 10.0}
2026-04-11 11:05:06,682 - simulation.simulation - DEBUG - Step 21: Recorded metrics - {'tick': 22, 'gini': 0.0, 'total_wealth': 1000, 'avg_wealth': 10.0}
2026-04-11 11:05:06,682 - simulation.simulation - DEBUG - Step 22: Recorded metrics - {'tick': 23, 'gini': 0.0, 'total_wealth': 1000, 'avg_wealth': 10.0}
2026-04-11 11:05:06,682 - simulation.simulation - DEBUG - Step 23: Recorded metrics - {'tick': 24, 'gini': 0.0, 'total_wealth': 1000, 'avg_wealth': 10.0}
2026-04-11 11:05:06,682 - simulation.simulation - DEBUG - Step 24: Recorded metrics - {'tick': 25, 'gini': 0.0, 'total_wealth': 1000, 'avg_wealth': 10.0}
2026-04-11 11:05:06,682 - simulation.simulation - DEBUG - Step 25: Recorded metrics - {'tick': 26, 'gini': 0.0, 'total_wealth': 1000, 'avg_wealth': 10.0}
2026-04-11 11:05:06,682 - simulation.simulation - DEBUG - Step 26: Recorded metrics - {'tick': 27, 'gini': 0.0, 'total_wealth': 1000, 'avg_wealth': 10.0}
2026-04-11 11:05:06,683 - simulation.simulation - DEBUG - Step 27: Recorded metrics - {'tick': 28, 'gini': 0.0, 'total_wealth': 1000, 'avg_wealth': 10.0}
2026-04-11 11:05:06,683 - simulation.simulation - DEBUG - Step 28: Recorded metrics - {'tick': 29, 'gini': 0.0, 'total_wealth': 1000, 'avg_wealth': 10.0}
2026-04-11 11:05:06,683 - simulation.simulation - DEBUG - Step 29: Recorded metrics - {'tick': 30, 'gini': 0.0, 'total_wealth': 1000, 'avg_wealth': 10.0}
2026-04-11 11:05:06,683 - simulation.simulation - DEBUG - Step 30: Recorded metrics - {'tick': 31, 'gini': 0.0, 'total_wealth': 1000, 'avg_wealth': 10.0}
2026-04-11 11:05:06,683 - simulation.simulation - DEBUG - Step 31: Recorded metrics - {'tick': 32, 'gini': 0.0, 'total_wealth': 1000, 'avg_wealth': 10.0}
2026-04-11 11:05:06,683 - simulation.simulation - DEBUG - Step 32: Recorded metrics - {'tick': 33, 'gini': 0.0, 'total_wealth': 1000, 'avg_wealth': 10.0}
2026-04-11 11:05:06,683 - simulation.simulation - DEBUG - Step 33: Recorded metrics - {'tick': 34, 'gini': 0.0, 'total_wealth': 1000, 'avg_wealth': 10.0}
2026-04-11 11:05:06,684 - simulation.simulation - DEBUG - Step 34: Recorded metrics - {'tick': 35, 'gini': 0.0, 'total_wealth': 1000, 'avg_wealth': 10.0}
2026-04-11 11:05:06,684 - simulation.simulation - DEBUG - Step 35: Recorded metrics - {'tick': 36, 'gini': 0.0, 'total_wealth': 1000, 'avg_wealth': 10.0}
2026-04-11 11:05:06,684 - simulation.simulation - DEBUG - Step 36: Recorded metrics - {'tick': 37, 'gini': 0.0, 'total_wealth': 1000, 'avg_wealth': 10.0}
2026-04-11 11:05:06,684 - simulation.simulation - DEBUG - Step 37: Recorded metrics - {'tick': 38, 'gini': 0.0, 'total_wealth': 1000, 'avg_wealth': 10.0}
2026-04-11 11:05:06,684 - simulation.simulation - DEBUG - Step 38: Recorded metrics - {'tick': 39, 'gini': 0.0, 'total_wealth': 1000, 'avg_wealth': 10.0}
2026-04-11 11:05:06,684 - simulation.simulation - DEBUG - Step 39: Recorded metrics - {'tick': 40, 'gini': 0.0, 'total_wealth': 1000, 'avg_wealth': 10.0}
2026-04-11 11:05:06,684 - simulation.simulation - DEBUG - Step 40: Recorded metrics - {'tick': 41, 'gini': 0.0, 'total_wealth': 1000, 'avg_wealth': 10.0}
2026-04-11 11:05:06,684 - simulation.simulation - DEBUG - Step 41: Recorded metrics - {'tick': 42, 'gini': 0.0, 'total_wealth': 1000, 'avg_wealth': 10.0}
2026-04-11 11:05:06,685 - simulation.simulation - DEBUG - Step 42: Recorded metrics - {'tick': 43, 'gini': 0.0, 'total_wealth': 1000, 'avg_wealth': 10.0}
2026-04-11 11:05:06,685 - simulation.simulation - DEBUG - Step 43: Recorded metrics - {'tick': 44, 'gini': 0.0, 'total_wealth': 1000, 'avg_wealth': 10.0}
2026-04-11 11:05:06,685 - simulation.simulation - DEBUG - Step 44: Recorded metrics - {'tick': 45, 'gini': 0.0, 'total_wealth': 1000, 'avg_wealth': 10.0}
2026-04-11 11:05:06,685 - simulation.simulation - DEBUG - Step 45: Recorded metrics - {'tick': 46, 'gini': 0.0, 'total_wealth': 1000, 'avg_wealth': 10.0}
2026-04-11 11:05:06,685 - simulation.simulation - DEBUG - Step 46: Recorded metrics - {'tick': 47, 'gini': 0.0, 'total_wealth': 1000, 'avg_wealth': 10.0}
2026-04-11 11:05:06,685 - simulation.simulation - DEBUG - Step 47: Recorded metrics - {'tick': 48, 'gini': 0.0, 'total_wealth': 1000, 'avg_wealth': 10.0}
2026-04-11 11:05:06,685 - simulation.simulation - DEBUG - Step 48: Recorded metrics - {'tick': 49, 'gini': 0.0, 'total_wealth': 1000, 'avg_wealth': 10.0}
2026-04-11 11:05:06,686 - simulation.simulation - DEBUG - Step 49: Recorded metrics - {'tick': 50, 'gini': 0.0, 'total_wealth': 1000, 'avg_wealth': 10.0}
2026-04-11 11:05:06,686 - simulation.simulation - DEBUG - Step 50: Recorded metrics - {'tick': 51, 'gini': 0.0, 'total_wealth': 1000, 'avg_wealth': 10.0}
2026-04-11 11:05:06,686 - simulation.simulation - DEBUG - Step 51: Recorded metrics - {'tick': 52, 'gini': 0.0, 'total_wealth': 1000, 'avg_wealth': 10.0}
2026-04-11 11:05:06,686 - simulation.simulation - DEBUG - Step 52: Recorded metrics - {'tick': 53, 'gini': 0.0, 'total_wealth': 1000, 'avg_wealth': 10.0}
2026-04-11 11:05:06,686 - simulation.simulation - DEBUG - Step 53: Recorded metrics - {'tick': 54, 'gini': 0.0, 'total_wealth': 1000, 'avg_wealth': 10.0}
2026-04-11 11:05:06,686 - simulation.simulation - DEBUG - Step 54: Recorded metrics - {'tick': 55, 'gini': 0.0, 'total_wealth': 1000, 'avg_wealth': 10.0}
2026-04-11 11:05:06,686 - simulation.simulation - DEBUG - Step 55: Recorded metrics - {'tick': 56, 'gini': 0.0, 'total_wealth': 1000, 'avg_wealth': 10.0}
2026-04-11 11:05:06,686 - simulation.simulation - DEBUG - Step 56: Recorded metrics - {'tick': 57, 'gini': 0.0, 'total_wealth': 1000, 'avg_wealth': 10.0}
2026-04-11 11:05:06,687 - simulation.simulation - DEBUG - Step 57: Recorded metrics - {'tick': 58, 'gini': 0.0, 'total_wealth': 1000, 'avg_wealth': 10.0}
2026-04-11 11:05:06,687 - simulation.simulation - DEBUG - Step 58: Recorded metrics - {'tick': 59, 'gini': 0.0, 'total_wealth': 1000, 'avg_wealth': 10.0}
2026-04-11 11:05:06,687 - simulation.simulation - DEBUG - Step 59: Recorded metrics - {'tick': 60, 'gini': 0.0, 'total_wealth': 1000, 'avg_wealth': 10.0}
2026-04-11 11:05:06,687 - simulation.simulation - DEBUG - Step 60: Recorded metrics - {'tick': 61, 'gini': 0.0, 'total_wealth': 1000, 'avg_wealth': 10.0}
2026-04-11 11:05:06,687 - simulation.simulation - DEBUG - Step 61: Recorded metrics - {'tick': 62, 'gini': 0.0, 'total_wealth': 1000, 'avg_wealth': 10.0}
2026-04-11 11:05:06,687 - simulation.simulation - DEBUG - Step 62: Recorded metrics - {'tick': 63, 'gini': 0.0, 'total_wealth': 1000, 'avg_wealth': 10.0}
2026-04-11 11:05:06,687 - simulation.simulation - DEBUG - Step 63: Recorded metrics - {'tick': 64, 'gini': 0.0, 'total_wealth': 1000, 'avg_wealth': 10.0}
2026-04-11 11:05:06,688 - simulation.simulation - DEBUG - Step 64: Recorded metrics - {'tick': 65, 'gini': 0.0, 'total_wealth': 1000, 'avg_wealth': 10.0}
2026-04-11 11:05:06,688 - simulation.simulation - DEBUG - Step 65: Recorded metrics - {'tick': 66, 'gini': 0.0, 'total_wealth': 1000, 'avg_wealth': 10.0}
2026-04-11 11:05:06,688 - simulation.simulation - DEBUG - Step 66: Recorded metrics - {'tick': 67, 'gini': 0.0, 'total_wealth': 1000, 'avg_wealth': 10.0}
2026-04-11 11:05:06,688 - simulation.simulation - DEBUG - Step 67: Recorded metrics - {'tick': 68, 'gini': 0.0, 'total_wealth': 1000, 'avg_wealth': 10.0}
2026-04-11 11:05:06,688 - simulation.simulation - DEBUG - Step 68: Recorded metrics - {'tick': 69, 'gini': 0.0, 'total_wealth': 1000, 'avg_wealth': 10.0}
2026-04-11 11:05:06,688 - simulation.simulation - DEBUG - Step 69: Recorded metrics - {'tick': 70, 'gini': 0.0, 'total_wealth': 1000, 'avg_wealth': 10.0}
2026-04-11 11:05:06,688 - simulation.simulation - DEBUG - Step 70: Recorded metrics - {'tick': 71, 'gini': 0.0, 'total_wealth': 1000, 'avg_wealth': 10.0}
2026-04-11 11:05:06,688 - simulation.simulation - DEBUG - Step 71: Recorded metrics - {'tick': 72, 'gini': 0.0, 'total_wealth': 1000, 'avg_wealth': 10.0}
2026-04-11 11:05:06,689 - simulation.simulation - DEBUG - Step 72: Recorded metrics - {'tick': 73, 'gini': 0.0, 'total_wealth': 1000, 'avg_wealth': 10.0}
2026-04-11 11:05:06,689 - simulation.simulation - DEBUG - Step 73: Recorded metrics - {'tick': 74, 'gini': 0.0, 'total_wealth': 1000, 'avg_wealth': 10.0}
2026-04-11 11:05:06,689 - simulation.simulation - DEBUG - Step 74: Recorded metrics - {'tick': 75, 'gini': 0.0, 'total_wealth': 1000, 'avg_wealth': 10.0}
2026-04-11 11:05:06,689 - simulation.simulation - DEBUG - Step 75: Recorded metrics - {'tick': 76, 'gini': 0.0, 'total_wealth': 1000, 'avg_wealth': 10.0}
2026-04-11 11:05:06,689 - simulation.simulation - DEBUG - Step 76: Recorded metrics - {'tick': 77, 'gini': 0.0, 'total_wealth': 1000, 'avg_wealth': 10.0}
2026-04-11 11:05:06,689 - simulation.simulation - DEBUG - Step 77: Recorded metrics - {'tick': 78, 'gini': 0.0, 'total_wealth': 1000, 'avg_wealth': 10.0}
2026-04-11 11:05:06,689 - simulation.simulation - DEBUG - Step 78: Recorded metrics - {'tick': 79, 'gini': 0.0, 'total_wealth': 1000, 'avg_wealth': 10.0}
2026-04-11 11:05:06,689 - simulation.simulation - DEBUG - Step 79: Recorded metrics - {'tick': 80, 'gini': 0.0, 'total_wealth': 1000, 'avg_wealth': 10.0}
2026-04-11 11:05:06,690 - simulation.simulation - DEBUG - Step 80: Recorded metrics - {'tick': 81, 'gini': 0.0, 'total_wealth': 1000, 'avg_wealth': 10.0}
2026-04-11 11:05:06,690 - simulation.simulation - DEBUG - Step 81: Recorded metrics - {'tick': 82, 'gini': 0.0, 'total_wealth': 1000, 'avg_wealth': 10.0}
2026-04-11 11:05:06,690 - simulation.simulation - DEBUG - Step 82: Recorded metrics - {'tick': 83, 'gini': 0.0, 'total_wealth': 1000, 'avg_wealth': 10.0}
2026-04-11 11:05:06,690 - simulation.simulation - DEBUG - Step 83: Recorded metrics - {'tick': 84, 'gini': 0.0, 'total_wealth': 1000, 'avg_wealth': 10.0}
2026-04-11 11:05:06,690 - simulation.simulation - DEBUG - Step 84: Recorded metrics - {'tick': 85, 'gini': 0.0, 'total_wealth': 1000, 'avg_wealth': 10.0}
2026-04-11 11:05:06,690 - simulation.simulation - DEBUG - Step 85: Recorded metrics - {'tick': 86, 'gini': 0.0, 'total_wealth': 1000, 'avg_wealth': 10.0}
2026-04-11 11:05:06,690 - simulation.simulation - DEBUG - Step 86: Recorded metrics - {'tick': 87, 'gini': 0.0, 'total_wealth': 1000, 'avg_wealth': 10.0}
2026-04-11 11:05:06,691 - simulation.simulation - DEBUG - Step 87: Recorded metrics - {'tick': 88, 'gini': 0.0, 'total_wealth': 1000, 'avg_wealth': 10.0}
2026-04-11 11:05:06,691 - simulation.simulation - DEBUG - Step 88: Recorded metrics - {'tick': 89, 'gini': 0.0, 'total_wealth': 1000, 'avg_wealth': 10.0}
2026-04-11 11:05:06,691 - simulation.simulation - DEBUG - Step 89: Recorded metrics - {'tick': 90, 'gini': 0.0, 'total_wealth': 1000, 'avg_wealth': 10.0}
2026-04-11 11:05:06,691 - simulation.simulation - DEBUG - Step 90: Recorded metrics - {'tick': 91, 'gini': 0.0, 'total_wealth': 1000, 'avg_wealth': 10.0}
2026-04-11 11:05:06,691 - simulation.simulation - DEBUG - Step 91: Recorded metrics - {'tick': 92, 'gini': 0.0, 'total_wealth': 1000, 'avg_wealth': 10.0}
2026-04-11 11:05:06,691 - simulation.simulation - DEBUG - Step 92: Recorded metrics - {'tick': 93, 'gini': 0.0, 'total_wealth': 1000, 'avg_wealth': 10.0}
2026-04-11 11:05:06,691 - simulation.simulation - DEBUG - Step 93: Recorded metrics - {'tick': 94, 'gini': 0.0, 'total_wealth': 1000, 'avg_wealth': 10.0}
2026-04-11 11:05:06,692 - simulation.simulation - DEBUG - Step 94: Recorded metrics - {'tick': 95, 'gini': 0.0, 'total_wealth': 1000, 'avg_wealth': 10.0}
2026-04-11 11:05:06,692 - simulation.simulation - DEBUG - Step 95: Recorded metrics - {'tick': 96, 'gini': 0.0, 'total_wealth': 1000, 'avg_wealth': 10.0}
2026-04-11 11:05:06,692 - simulation.simulation - DEBUG - Step 96: Recorded metrics - {'tick': 97, 'gini': 0.0, 'total_wealth': 1000, 'avg_wealth': 10.0}
2026-04-11 11:05:06,692 - simulation.simulation - DEBUG - Step 97: Recorded metrics - {'tick': 98, 'gini': 0.0, 'total_wealth': 1000, 'avg_wealth': 10.0}
2026-04-11 11:05:06,692 - simulation.simulation - DEBUG - Step 98: Recorded metrics - {'tick': 99, 'gini': 0.0, 'total_wealth': 1000, 'avg_wealth': 10.0}
2026-04-11 11:05:06,692 - simulation.simulation - DEBUG - Step 99: Recorded metrics - {'tick': 100, 'gini': 0.0, 'total_wealth': 1000, 'avg_wealth': 10.0}
2026-04-11 11:05:06,692 - simulation.simulation - DEBUG - Step 100: Recorded metrics - {'tick': 101, 'gini': 0.0, 'total_wealth': 1000, 'avg_wealth': 10.0}
2026-04-11 11:05:06,692 - simulation.simulation - DEBUG - Step 101: Recorded metrics - {'tick': 102, 'gini': 0.0, 'total_wealth': 1000, 'avg_wealth': 10.0}
2026-04-11 11:05:06,693 - simulation.simulation - DEBUG - Step 102: Recorded metrics - {'tick': 103, 'gini': 0.0, 'total_wealth': 1000, 'avg_wealth': 10.0}
2026-04-11 11:05:06,693 - simulation.simulation - DEBUG - Step 103: Recorded metrics - {'tick': 104, 'gini': 0.0, 'total_wealth': 1000, 'avg_wealth': 10.0}
2026-04-11 11:05:06,693 - simulation.simulation - DEBUG - Step 104: Recorded metrics - {'tick': 105, 'gini': 0.0, 'total_wealth': 1000, 'avg_wealth': 10.0}
2026-04-11 11:05:06,693 - simulation.simulation - DEBUG - Step 105: Recorded metrics - {'tick': 106, 'gini': 0.0, 'total_wealth': 1000, 'avg_wealth': 10.0}
2026-04-11 11:05:06,693 - simulation.simulation - DEBUG - Step 106: Recorded metrics - {'tick': 107, 'gini': 0.0, 'total_wealth': 1000, 'avg_wealth': 10.0}
2026-04-11 11:05:06,693 - simulation.simulation - DEBUG - Step 107: Recorded metrics - {'tick': 108, 'gini': 0.0, 'total_wealth': 1000, 'avg_wealth': 10.0}
2026-04-11 11:05:06,693 - simulation.simulation - DEBUG - Step 108: Recorded metrics - {'tick': 109, 'gini': 0.0, 'total_wealth': 1000, 'avg_wealth': 10.0}
2026-04-11 11:05:06,693 - simulation.simulation - DEBUG - Step 109: Recorded metrics - {'tick': 110, 'gini': 0.0, 'total_wealth': 1000, 'avg_wealth': 10.0}
2026-04-11 11:05:06,694 - simulation.simulation - DEBUG - Step 110: Recorded metrics - {'tick': 111, 'gini': 0.0, 'total_wealth': 1000, 'avg_wealth': 10.0}
2026-04-11 11:05:06,694 - simulation.simulation - DEBUG - Step 111: Recorded metrics - {'tick': 112, 'gini': 0.0, 'total_wealth': 1000, 'avg_wealth': 10.0}
2026-04-11 11:05:06,694 - simulation.simulation - DEBUG - Step 112: Recorded metrics - {'tick': 113, 'gini': 0.0, 'total_wealth': 1000, 'avg_wealth': 10.0}
2026-04-11 11:05:06,694 - simulation.simulation - DEBUG - Step 113: Recorded metrics - {'tick': 114, 'gini': 0.0, 'total_wealth': 1000, 'avg_wealth': 10.0}
2026-04-11 11:05:06,694 - simulation.simulation - DEBUG - Step 114: Recorded metrics - {'tick': 115, 'gini': 0.0, 'total_wealth': 1000, 'avg_wealth': 10.0}
2026-04-11 11:05:06,694 - simulation.simulation - DEBUG - Step 115: Recorded metrics - {'tick': 116, 'gini': 0.0, 'total_wealth': 1000, 'avg_wealth': 10.0}
2026-04-11 11:05:06,694 - simulation.simulation - DEBUG - Step 116: Recorded metrics - {'tick': 117, 'gini': 0.0, 'total_wealth': 1000, 'avg_wealth': 10.0}
2026-04-11 11:05:06,694 - simulation.simulation - DEBUG - Step 117: Recorded metrics - {'tick': 118, 'gini': 0.0, 'total_wealth': 1000, 'avg_wealth': 10.0}
2026-04-11 11:05:06,695 - simulation.simulation - DEBUG - Step 118: Recorded metrics - {'tick': 119, 'gini': 0.0, 'total_wealth': 1000, 'avg_wealth': 10.0}
2026-04-11 11:05:06,695 - simulation.simulation - DEBUG - Step 119: Recorded metrics - {'tick': 120, 'gini': 0.0, 'total_wealth': 1000, 'avg_wealth': 10.0}
2026-04-11 11:05:06,695 - simulation.simulation - DEBUG - Step 120: Recorded metrics - {'tick': 121, 'gini': 0.0, 'total_wealth': 1000, 'avg_wealth': 10.0}
2026-04-11 11:05:06,695 - simulation.simulation - DEBUG - Step 121: Recorded metrics - {'tick': 122, 'gini': 0.0, 'total_wealth': 1000, 'avg_wealth': 10.0}
2026-04-11 11:05:06,695 - simulation.simulation - DEBUG - Step 122: Recorded metrics - {'tick': 123, 'gini': 0.0, 'total_wealth': 1000, 'avg_wealth': 10.0}
2026-04-11 11:05:06,695 - simulation.simulation - DEBUG - Step 123: Recorded metrics - {'tick': 124, 'gini': 0.0, 'total_wealth': 1000, 'avg_wealth': 10.0}
2026-04-11 11:05:06,695 - simulation.simulation - DEBUG - Step 124: Recorded metrics - {'tick': 125, 'gini': 0.0, 'total_wealth': 1000, 'avg_wealth': 10.0}
2026-04-11 11:05:06,696 - simulation.simulation - DEBUG - Step 125: Recorded metrics - {'tick': 126, 'gini': 0.0, 'total_wealth': 1000, 'avg_wealth': 10.0}
2026-04-11 11:05:06,696 - simulation.simulation - DEBUG - Step 126: Recorded metrics - {'tick': 127, 'gini': 0.0, 'total_wealth': 1000, 'avg_wealth': 10.0}
2026-04-11 11:05:06,696 - simulation.simulation - DEBUG - Step 127: Recorded metrics - {'tick': 128, 'gini': 0.0, 'total_wealth': 1000, 'avg_wealth': 10.0}
2026-04-11 11:05:06,696 - simulation.simulation - DEBUG - Step 128: Recorded metrics - {'tick': 129, 'gini': 0.0, 'total_wealth': 1000, 'avg_wealth': 10.0}
2026-04-11 11:05:06,696 - simulation.simulation - DEBUG - Step 129: Recorded metrics - {'tick': 130, 'gini': 0.0, 'total_wealth': 1000, 'avg_wealth': 10.0}
2026-04-11 11:05:06,696 - simulation.simulation - DEBUG - Step 130: Recorded metrics - {'tick': 131, 'gini': 0.0, 'total_wealth': 1000, 'avg_wealth': 10.0}
2026-04-11 11:05:06,696 - simulation.simulation - DEBUG - Step 131: Recorded metrics - {'tick': 132, 'gini': 0.0, 'total_wealth': 1000, 'avg_wealth': 10.0}
2026-04-11 11:05:06,696 - simulation.simulation - DEBUG - Step 132: Recorded metrics - {'tick': 133, 'gini': 0.0, 'total_wealth': 1000, 'avg_wealth': 10.0}
2026-04-11 11:05:06,697 - simulation.simulation - DEBUG - Step 133: Recorded metrics - {'tick': 134, 'gini': 0.0, 'total_wealth': 1000, 'avg_wealth': 10.0}
2026-04-11 11:05:06,697 - simulation.simulation - DEBUG - Step 134: Recorded metrics - {'tick': 135, 'gini': 0.0, 'total_wealth': 1000, 'avg_wealth': 10.0}
2026-04-11 11:05:06,697 - simulation.simulation - DEBUG - Step 135: Recorded metrics - {'tick': 136, 'gini': 0.0, 'total_wealth': 1000, 'avg_wealth': 10.0}
2026-04-11 11:05:06,697 - simulation.simulation - DEBUG - Step 136: Recorded metrics - {'tick': 137, 'gini': 0.0, 'total_wealth': 1000, 'avg_wealth': 10.0}
2026-04-11 11:05:06,697 - simulation.simulation - DEBUG - Step 137: Recorded metrics - {'tick': 138, 'gini': 0.0, 'total_wealth': 1000, 'avg_wealth': 10.0}
2026-04-11 11:05:06,697 - simulation.simulation - DEBUG - Step 138: Recorded metrics - {'tick': 139, 'gini': 0.0, 'total_wealth': 1000, 'avg_wealth': 10.0}
2026-04-11 11:05:06,697 - simulation.simulation - DEBUG - Step 139: Recorded metrics - {'tick': 140, 'gini': 0.0, 'total_wealth': 1000, 'avg_wealth': 10.0}
2026-04-11 11:05:06,697 - simulation.simulation - DEBUG - Step 140: Recorded metrics - {'tick': 141, 'gini': 0.0, 'total_wealth': 1000, 'avg_wealth': 10.0}
2026-04-11 11:05:06,698 - simulation.simulation - DEBUG - Step 141: Recorded metrics - {'tick': 142, 'gini': 0.0, 'total_wealth': 1000, 'avg_wealth': 10.0}
2026-04-11 11:05:06,698 - simulation.simulation - DEBUG - Step 142: Recorded metrics - {'tick': 143, 'gini': 0.0, 'total_wealth': 1000, 'avg_wealth': 10.0}
2026-04-11 11:05:06,698 - simulation.simulation - DEBUG - Step 143: Recorded metrics - {'tick': 144, 'gini': 0.0, 'total_wealth': 1000, 'avg_wealth': 10.0}
2026-04-11 11:05:06,698 - simulation.simulation - DEBUG - Step 144: Recorded metrics - {'tick': 145, 'gini': 0.0, 'total_wealth': 1000, 'avg_wealth': 10.0}
2026-04-11 11:05:06,698 - simulation.simulation - DEBUG - Step 145: Recorded metrics - {'tick': 146, 'gini': 0.0, 'total_wealth': 1000, 'avg_wealth': 10.0}
2026-04-11 11:05:06,698 - simulation.simulation - DEBUG - Step 146: Recorded metrics - {'tick': 147, 'gini': 0.0, 'total_wealth': 1000, 'avg_wealth': 10.0}
2026-04-11 11:05:06,698 - simulation.simulation - DEBUG - Step 147: Recorded metrics - {'tick': 148, 'gini': 0.0, 'total_wealth': 1000, 'avg_wealth': 10.0}
2026-04-11 11:05:06,698 - simulation.simulation - DEBUG - Step 148: Recorded metrics - {'tick': 149, 'gini': 0.0, 'total_wealth': 1000, 'avg_wealth': 10.0}
2026-04-11 11:05:06,699 - simulation.simulation - DEBUG - Step 149: Recorded metrics - {'tick': 150, 'gini': 0.0, 'total_wealth': 1000, 'avg_wealth': 10.0}
2026-04-11 11:05:06,699 - simulation.simulation - DEBUG - Step 150: Recorded metrics - {'tick': 151, 'gini': 0.0, 'total_wealth': 1000, 'avg_wealth': 10.0}
2026-04-11 11:05:06,699 - simulation.simulation - DEBUG - Step 151: Recorded metrics - {'tick': 152, 'gini': 0.0, 'total_wealth': 1000, 'avg_wealth': 10.0}
2026-04-11 11:05:06,699 - simulation.simulation - DEBUG - Step 152: Recorded metrics - {'tick': 153, 'gini': 0.0, 'total_wealth': 1000, 'avg_wealth': 10.0}
2026-04-11 11:05:06,699 - simulation.simulation - DEBUG - Step 153: Recorded metrics - {'tick': 154, 'gini': 0.0, 'total_wealth': 1000, 'avg_wealth': 10.0}
2026-04-11 11:05:06,699 - simulation.simulation - DEBUG - Step 154: Recorded metrics - {'tick': 155, 'gini': 0.0, 'total_wealth': 1000, 'avg_wealth': 10.0}
2026-04-11 11:05:06,699 - simulation.simulation - DEBUG - Step 155: Recorded metrics - {'tick': 156, 'gini': 0.0, 'total_wealth': 1000, 'avg_wealth': 10.0}
2026-04-11 11:05:06,699 - simulation.simulation - DEBUG - Step 156: Recorded metrics - {'tick': 157, 'gini': 0.0, 'total_wealth': 1000, 'avg_wealth': 10.0}
2026-04-11 11:05:06,700 - simulation.simulation - DEBUG - Step 157: Recorded metrics - {'tick': 158, 'gini': 0.0, 'total_wealth': 1000, 'avg_wealth': 10.0}
2026-04-11 11:05:06,700 - simulation.simulation - DEBUG - Step 158: Recorded metrics - {'tick': 159, 'gini': 0.0, 'total_wealth': 1000, 'avg_wealth': 10.0}
2026-04-11 11:05:06,700 - simulation.simulation - DEBUG - Step 159: Recorded metrics - {'tick': 160, 'gini': 0.0, 'total_wealth': 1000, 'avg_wealth': 10.0}
2026-04-11 11:05:06,700 - simulation.simulation - DEBUG - Step 160: Recorded metrics - {'tick': 161, 'gini': 0.0, 'total_wealth': 1000, 'avg_wealth': 10.0}
2026-04-11 11:05:06,700 - simulation.simulation - DEBUG - Step 161: Recorded metrics - {'tick': 162, 'gini': 0.0, 'total_wealth': 1000, 'avg_wealth': 10.0}
2026-04-11 11:05:06,700 - simulation.simulation - DEBUG - Step 162: Recorded metrics - {'tick': 163, 'gini': 0.0, 'total_wealth': 1000, 'avg_wealth': 10.0}
2026-04-11 11:05:06,700 - simulation.simulation - DEBUG - Step 163: Recorded metrics - {'tick': 164, 'gini': 0.0, 'total_wealth': 1000, 'avg_wealth': 10.0}
2026-04-11 11:05:06,700 - simulation.simulation - DEBUG - Step 164: Recorded metrics - {'tick': 165, 'gini': 0.0, 'total_wealth': 1000, 'avg_wealth': 10.0}
2026-04-11 11:05:06,701 - simulation.simulation - DEBUG - Step 165: Recorded metrics - {'tick': 166, 'gini': 0.0, 'total_wealth': 1000, 'avg_wealth': 10.0}
2026-04-11 11:05:06,701 - simulation.simulation - DEBUG - Step 166: Recorded metrics - {'tick': 167, 'gini': 0.0, 'total_wealth': 1000, 'avg_wealth': 10.0}
2026-04-11 11:05:06,701 - simulation.simulation - DEBUG - Step 167: Recorded metrics - {'tick': 168, 'gini': 0.0, 'total_wealth': 1000, 'avg_wealth': 10.0}
2026-04-11 11:05:06,701 - simulation.simulation - DEBUG - Step 168: Recorded metrics - {'tick': 169, 'gini': 0.0, 'total_wealth': 1000, 'avg_wealth': 10.0}
2026-04-11 11:05:06,701 - simulation.simulation - DEBUG - Step 169: Recorded metrics - {'tick': 170, 'gini': 0.0, 'total_wealth': 1000, 'avg_wealth': 10.0}
2026-04-11 11:05:06,701 - simulation.simulation - DEBUG - Step 170: Recorded metrics - {'tick': 171, 'gini': 0.0, 'total_wealth': 1000, 'avg_wealth': 10.0}
2026-04-11 11:05:06,701 - simulation.simulation - DEBUG - Step 171: Recorded metrics - {'tick': 172, 'gini': 0.0, 'total_wealth': 1000, 'avg_wealth': 10.0}
2026-04-11 11:05:06,702 - simulation.simulation - DEBUG - Step 172: Recorded metrics - {'tick': 173, 'gini': 0.0, 'total_wealth': 1000, 'avg_wealth': 10.0}
2026-04-11 11:05:06,702 - simulation.simulation - DEBUG - Step 173: Recorded metrics - {'tick': 174, 'gini': 0.0, 'total_wealth': 1000, 'avg_wealth': 10.0}
2026-04-11 11:05:06,702 - simulation.simulation - DEBUG - Step 174: Recorded metrics - {'tick': 175, 'gini': 0.0, 'total_wealth': 1000, 'avg_wealth': 10.0}
2026-04-11 11:05:06,702 - simulation.simulation - DEBUG - Step 175: Recorded metrics - {'tick': 176, 'gini': 0.0, 'total_wealth': 1000, 'avg_wealth': 10.0}
2026-04-11 11:05:06,702 - simulation.simulation - DEBUG - Step 176: Recorded metrics - {'tick': 177, 'gini': 0.0, 'total_wealth': 1000, 'avg_wealth': 10.0}
2026-04-11 11:05:06,702 - simulation.simulation - DEBUG - Step 177: Recorded metrics - {'tick': 178, 'gini': 0.0, 'total_wealth': 1000, 'avg_wealth': 10.0}
2026-04-11 11:05:06,702 - simulation.simulation - DEBUG - Step 178: Recorded metrics - {'tick': 179, 'gini': 0.0, 'total_wealth': 1000, 'avg_wealth': 10.0}
2026-04-11 11:05:06,702 - simulation.simulation - DEBUG - Step 179: Recorded metrics - {'tick': 180, 'gini': 0.0, 'total_wealth': 1000, 'avg_wealth': 10.0}
2026-04-11 11:05:06,703 - simulation.simulation - DEBUG - Step 180: Recorded metrics - {'tick': 181, 'gini': 0.0, 'total_wealth': 1000, 'avg_wealth': 10.0}
2026-04-11 11:05:06,703 - simulation.simulation - DEBUG - Step 181: Recorded metrics - {'tick': 182, 'gini': 0.0, 'total_wealth': 1000, 'avg_wealth': 10.0}
2026-04-11 11:05:06,703 - simulation.simulation - DEBUG - Step 182: Recorded metrics - {'tick': 183, 'gini': 0.0, 'total_wealth': 1000, 'avg_wealth': 10.0}
2026-04-11 11:05:06,703 - simulation.simulation - DEBUG - Step 183: Recorded metrics - {'tick': 184, 'gini': 0.0, 'total_wealth': 1000, 'avg_wealth': 10.0}
2026-04-11 11:05:06,703 - simulation.simulation - DEBUG - Step 184: Recorded metrics - {'tick': 185, 'gini': 0.0, 'total_wealth': 1000, 'avg_wealth': 10.0}
2026-04-11 11:05:06,703 - simulation.simulation - DEBUG - Step 185: Recorded metrics - {'tick': 186, 'gini': 0.0, 'total_wealth': 1000, 'avg_wealth': 10.0}
2026-04-11 11:05:06,703 - simulation.simulation - DEBUG - Step 186: Recorded metrics - {'tick': 187, 'gini': 0.0, 'total_wealth': 1000, 'avg_wealth': 10.0}
2026-04-11 11:05:06,703 - simulation.simulation - DEBUG - Step 187: Recorded metrics - {'tick': 188, 'gini': 0.0, 'total_wealth': 1000, 'avg_wealth': 10.0}
2026-04-11 11:05:06,704 - simulation.simulation - DEBUG - Step 188: Recorded metrics - {'tick': 189, 'gini': 0.0, 'total_wealth': 1000, 'avg_wealth': 10.0}
2026-04-11 11:05:06,704 - simulation.simulation - DEBUG - Step 189: Recorded metrics - {'tick': 190, 'gini': 0.0, 'total_wealth': 1000, 'avg_wealth': 10.0}
2026-04-11 11:05:06,704 - simulation.simulation - DEBUG - Step 190: Recorded metrics - {'tick': 191, 'gini': 0.0, 'total_wealth': 1000, 'avg_wealth': 10.0}
2026-04-11 11:05:06,704 - simulation.simulation - DEBUG - Step 191: Recorded metrics - {'tick': 192, 'gini': 0.0, 'total_wealth': 1000, 'avg_wealth': 10.0}
2026-04-11 11:05:06,704 - simulation.simulation - DEBUG - Step 192: Recorded metrics - {'tick': 193, 'gini': 0.0, 'total_wealth': 1000, 'avg_wealth': 10.0}
2026-04-11 11:05:06,704 - simulation.simulation - DEBUG - Step 193: Recorded metrics - {'tick': 194, 'gini': 0.0, 'total_wealth': 1000, 'avg_wealth': 10.0}
2026-04-11 11:05:06,704 - simulation.simulation - DEBUG - Step 194: Recorded metrics - {'tick': 195, 'gini': 0.0, 'total_wealth': 1000, 'avg_wealth': 10.0}
2026-04-11 11:05:06,704 - simulation.simulation - DEBUG - Step 195: Recorded metrics - {'tick': 196, 'gini': 0.0, 'total_wealth': 1000, 'avg_wealth': 10.0}
2026-04-11 11:05:06,705 - simulation.simulation - DEBUG - Step 196: Recorded metrics - {'tick': 197, 'gini': 0.0, 'total_wealth': 1000, 'avg_wealth': 10.0}
2026-04-11 11:05:06,705 - simulation.simulation - DEBUG - Step 197: Recorded metrics - {'tick': 198, 'gini': 0.0, 'total_wealth': 1000, 'avg_wealth': 10.0}
2026-04-11 11:05:06,705 - simulation.simulation - DEBUG - Step 198: Recorded metrics - {'tick': 199, 'gini': 0.0, 'total_wealth': 1000, 'avg_wealth': 10.0}
2026-04-11 11:05:06,705 - simulation.simulation - DEBUG - Step 199: Recorded metrics - {'tick': 200, 'gini': 0.0, 'total_wealth': 1000, 'avg_wealth': 10.0}
2026-04-11 11:05:06,705 - simulation.simulation - DEBUG - Step 200: Recorded metrics - {'tick': 201, 'gini': 0.0, 'total_wealth': 1000, 'avg_wealth': 10.0}
2026-04-11 11:05:06,705 - simulation.simulation - DEBUG - Step 201: Recorded metrics - {'tick': 202, 'gini': 0.0, 'total_wealth': 1000, 'avg_wealth': 10.0}
2026-04-11 11:05:06,705 - simulation.simulation - DEBUG - Step 202: Recorded metrics - {'tick': 203, 'gini': 0.0, 'total_wealth': 1000, 'avg_wealth': 10.0}
2026-04-11 11:05:06,705 - simulation.simulation - DEBUG - Step 203: Recorded metrics - {'tick': 204, 'gini': 0.0, 'total_wealth': 1000, 'avg_wealth': 10.0}
2026-04-11 11:05:06,706 - simulation.simulation - DEBUG - Step 204: Recorded metrics - {'tick': 205, 'gini': 0.0, 'total_wealth': 1000, 'avg_wealth': 10.0}
2026-04-11 11:05:06,706 - simulation.simulation - DEBUG - Step 205: Recorded metrics - {'tick': 206, 'gini': 0.0, 'total_wealth': 1000, 'avg_wealth': 10.0}
2026-04-11 11:05:06,706 - simulation.simulation - DEBUG - Step 206: Recorded metrics - {'tick': 207, 'gini': 0.0, 'total_wealth': 1000, 'avg_wealth': 10.0}
2026-04-11 11:05:06,706 - simulation.simulation - DEBUG - Step 207: Recorded metrics - {'tick': 208, 'gini': 0.0, 'total_wealth': 1000, 'avg_wealth': 10.0}
2026-04-11 11:05:06,706 - simulation.simulation - DEBUG - Step 208: Recorded metrics - {'tick': 209, 'gini': 0.0, 'total_wealth': 1000, 'avg_wealth': 10.0}
2026-04-11 11:05:06,706 - simulation.simulation - DEBUG - Step 209: Recorded metrics - {'tick': 210, 'gini': 0.0, 'total_wealth': 1000, 'avg_wealth': 10.0}
2026-04-11 11:05:06,706 - simulation.simulation - DEBUG - Step 210: Recorded metrics - {'tick': 211, 'gini': 0.0, 'total_wealth': 1000, 'avg_wealth': 10.0}
2026-04-11 11:05:06,706 - simulation.simulation - DEBUG - Step 211: Recorded metrics - {'tick': 212, 'gini': 0.0, 'total_wealth': 1000, 'avg_wealth': 10.0}
2026-04-11 11:05:06,707 - simulation.simulation - DEBUG - Step 212: Recorded metrics - {'tick': 213, 'gini': 0.0, 'total_wealth': 1000, 'avg_wealth': 10.0}
2026-04-11 11:05:06,707 - simulation.simulation - DEBUG - Step 213: Recorded metrics - {'tick': 214, 'gini': 0.0, 'total_wealth': 1000, 'avg_wealth': 10.0}
2026-04-11 11:05:06,707 - simulation.simulation - DEBUG - Step 214: Recorded metrics - {'tick': 215, 'gini': 0.0, 'total_wealth': 1000, 'avg_wealth': 10.0}
2026-04-11 11:05:06,707 - simulation.simulation - DEBUG - Step 215: Recorded metrics - {'tick': 216, 'gini': 0.0, 'total_wealth': 1000, 'avg_wealth': 10.0}
2026-04-11 11:05:06,707 - simulation.simulation - DEBUG - Step 216: Recorded metrics - {'tick': 217, 'gini': 0.0, 'total_wealth': 1000, 'avg_wealth': 10.0}
2026-04-11 11:05:06,707 - simulation.simulation - DEBUG - Step 217: Recorded metrics - {'tick': 218, 'gini': 0.0, 'total_wealth': 1000, 'avg_wealth': 10.0}
2026-04-11 11:05:06,707 - simulation.simulation - DEBUG - Step 218: Recorded metrics - {'tick': 219, 'gini': 0.0, 'total_wealth': 1000, 'avg_wealth': 10.0}
2026-04-11 11:05:06,707 - simulation.simulation - DEBUG - Step 219: Recorded metrics - {'tick': 220, 'gini': 0.0, 'total_wealth': 1000, 'avg_wealth': 10.0}
2026-04-11 11:05:06,708 - simulation.simulation - DEBUG - Step 220: Recorded metrics - {'tick': 221, 'gini': 0.0, 'total_wealth': 1000, 'avg_wealth': 10.0}
2026-04-11 11:05:06,708 - simulation.simulation - DEBUG - Step 221: Recorded metrics - {'tick': 222, 'gini': 0.0, 'total_wealth': 1000, 'avg_wealth': 10.0}
2026-04-11 11:05:06,708 - simulation.simulation - DEBUG - Step 222: Recorded metrics - {'tick': 223, 'gini': 0.0, 'total_wealth': 1000, 'avg_wealth': 10.0}
2026-04-11 11:05:06,708 - simulation.simulation - DEBUG - Step 223: Recorded metrics - {'tick': 224, 'gini': 0.0, 'total_wealth': 1000, 'avg_wealth': 10.0}
2026-04-11 11:05:06,708 - simulation.simulation - DEBUG - Step 224: Recorded metrics - {'tick': 225, 'gini': 0.0, 'total_wealth': 1000, 'avg_wealth': 10.0}
2026-04-11 11:05:06,708 - simulation.simulation - DEBUG - Step 225: Recorded metrics - {'tick': 226, 'gini': 0.0, 'total_wealth': 1000, 'avg_wealth': 10.0}
2026-04-11 11:05:06,708 - simulation.simulation - DEBUG - Step 226: Recorded metrics - {'tick': 227, 'gini': 0.0, 'total_wealth': 1000, 'avg_wealth': 10.0}
2026-04-11 11:05:06,708 - simulation.simulation - DEBUG - Step 227: Recorded metrics - {'tick': 228, 'gini': 0.0, 'total_wealth': 1000, 'avg_wealth': 10.0}
2026-04-11 11:05:06,709 - simulation.simulation - DEBUG - Step 228: Recorded metrics - {'tick': 229, 'gini': 0.0, 'total_wealth': 1000, 'avg_wealth': 10.0}
2026-04-11 11:05:06,709 - simulation.simulation - DEBUG - Step 229: Recorded metrics - {'tick': 230, 'gini': 0.0, 'total_wealth': 1000, 'avg_wealth': 10.0}
2026-04-11 11:05:06,709 - simulation.simulation - DEBUG - Step 230: Recorded metrics - {'tick': 231, 'gini': 0.0, 'total_wealth': 1000, 'avg_wealth': 10.0}
2026-04-11 11:05:06,709 - simulation.simulation - DEBUG - Step 231: Recorded metrics - {'tick': 232, 'gini': 0.0, 'total_wealth': 1000, 'avg_wealth': 10.0}
2026-04-11 11:05:06,709 - simulation.simulation - DEBUG - Step 232: Recorded metrics - {'tick': 233, 'gini': 0.0, 'total_wealth': 1000, 'avg_wealth': 10.0}
2026-04-11 11:05:06,709 - simulation.simulation - DEBUG - Step 233: Recorded metrics - {'tick': 234, 'gini': 0.0, 'total_wealth': 1000, 'avg_wealth': 10.0}
2026-04-11 11:05:06,709 - simulation.simulation - DEBUG - Step 234: Recorded metrics - {'tick': 235, 'gini': 0.0, 'total_wealth': 1000, 'avg_wealth': 10.0}
2026-04-11 11:05:06,709 - simulation.simulation - DEBUG - Step 235: Recorded metrics - {'tick': 236, 'gini': 0.0, 'total_wealth': 1000, 'avg_wealth': 10.0}
2026-04-11 11:05:06,710 - simulation.simulation - DEBUG - Step 236: Recorded metrics - {'tick': 237, 'gini': 0.0, 'total_wealth': 1000, 'avg_wealth': 10.0}
2026-04-11 11:05:06,710 - simulation.simulation - DEBUG - Step 237: Recorded metrics - {'tick': 238, 'gini': 0.0, 'total_wealth': 1000, 'avg_wealth': 10.0}
2026-04-11 11:05:06,710 - simulation.simulation - DEBUG - Step 238: Recorded metrics - {'tick': 239, 'gini': 0.0, 'total_wealth': 1000, 'avg_wealth': 10.0}
2026-04-11 11:05:06,710 - simulation.simulation - DEBUG - Step 239: Recorded metrics - {'tick': 240, 'gini': 0.0, 'total_wealth': 1000, 'avg_wealth': 10.0}
2026-04-11 11:05:06,710 - simulation.simulation - DEBUG - Step 240: Recorded metrics - {'tick': 241, 'gini': 0.0, 'total_wealth': 1000, 'avg_wealth': 10.0}
2026-04-11 11:05:06,710 - simulation.simulation - DEBUG - Step 241: Recorded metrics - {'tick': 242, 'gini': 0.0, 'total_wealth': 1000, 'avg_wealth': 10.0}
2026-04-11 11:05:06,710 - simulation.simulation - DEBUG - Step 242: Recorded metrics - {'tick': 243, 'gini': 0.0, 'total_wealth': 1000, 'avg_wealth': 10.0}
2026-04-11 11:05:06,710 - simulation.simulation - DEBUG - Step 243: Recorded metrics - {'tick': 244, 'gini': 0.0, 'total_wealth': 1000, 'avg_wealth': 10.0}
2026-04-11 11:05:06,711 - simulation.simulation - DEBUG - Step 244: Recorded metrics - {'tick': 245, 'gini': 0.0, 'total_wealth': 1000, 'avg_wealth': 10.0}
2026-04-11 11:05:06,711 - simulation.simulation - DEBUG - Step 245: Recorded metrics - {'tick': 246, 'gini': 0.0, 'total_wealth': 1000, 'avg_wealth': 10.0}
2026-04-11 11:05:06,711 - simulation.simulation - DEBUG - Step 246: Recorded metrics - {'tick': 247, 'gini': 0.0, 'total_wealth': 1000, 'avg_wealth': 10.0}
2026-04-11 11:05:06,711 - simulation.simulation - DEBUG - Step 247: Recorded metrics - {'tick': 248, 'gini': 0.0, 'total_wealth': 1000, 'avg_wealth': 10.0}
2026-04-11 11:05:06,711 - simulation.simulation - DEBUG - Step 248: Recorded metrics - {'tick': 249, 'gini': 0.0, 'total_wealth': 1000, 'avg_wealth': 10.0}
2026-04-11 11:05:06,711 - simulation.simulation - DEBUG - Step 249: Recorded metrics - {'tick': 250, 'gini': 0.0, 'total_wealth': 1000, 'avg_wealth': 10.0}
2026-04-11 11:05:06,711 - simulation.simulation - DEBUG - Step 250: Recorded metrics - {'tick': 251, 'gini': 0.0, 'total_wealth': 1000, 'avg_wealth': 10.0}
2026-04-11 11:05:06,711 - simulation.simulation - DEBUG - Step 251: Recorded metrics - {'tick': 252, 'gini': 0.0, 'total_wealth': 1000, 'avg_wealth': 10.0}
2026-04-11 11:05:06,712 - simulation.simulation - DEBUG - Step 252: Recorded metrics - {'tick': 253, 'gini': 0.0, 'total_wealth': 1000, 'avg_wealth': 10.0}
2026-04-11 11:05:06,712 - simulation.simulation - DEBUG - Step 253: Recorded metrics - {'tick': 254, 'gini': 0.0, 'total_wealth': 1000, 'avg_wealth': 10.0}
2026-04-11 11:05:06,712 - simulation.simulation - DEBUG - Step 254: Recorded metrics - {'tick': 255, 'gini': 0.0, 'total_wealth': 1000, 'avg_wealth': 10.0}
2026-04-11 11:05:06,712 - simulation.simulation - DEBUG - Step 255: Recorded metrics - {'tick': 256, 'gini': 0.0, 'total_wealth': 1000, 'avg_wealth': 10.0}
2026-04-11 11:05:06,712 - simulation.simulation - DEBUG - Step 256: Recorded metrics - {'tick': 257, 'gini': 0.0, 'total_wealth': 1000, 'avg_wealth': 10.0}
2026-04-11 11:05:06,712 - simulation.simulation - DEBUG - Step 257: Recorded metrics - {'tick': 258, 'gini': 0.0, 'total_wealth': 1000, 'avg_wealth': 10.0}
2026-04-11 11:05:06,712 - simulation.simulation - DEBUG - Step 258: Recorded metrics - {'tick': 259, 'gini': 0.0, 'total_wealth': 1000, 'avg_wealth': 10.0}
2026-04-11 11:05:06,712 - simulation.simulation - DEBUG - Step 259: Recorded metrics - {'tick': 260, 'gini': 0.0, 'total_wealth': 1000, 'avg_wealth': 10.0}
2026-04-11 11:05:06,713 - simulation.simulation - DEBUG - Step 260: Recorded metrics - {'tick': 261, 'gini': 0.0, 'total_wealth': 1000, 'avg_wealth': 10.0}
2026-04-11 11:05:06,713 - simulation.simulation - DEBUG - Step 261: Recorded metrics - {'tick': 262, 'gini': 0.0, 'total_wealth': 1000, 'avg_wealth': 10.0}
2026-04-11 11:05:06,713 - simulation.simulation - DEBUG - Step 262: Recorded metrics - {'tick': 263, 'gini': 0.0, 'total_wealth': 1000, 'avg_wealth': 10.0}
2026-04-11 11:05:06,713 - simulation.simulation - DEBUG - Step 263: Recorded metrics - {'tick': 264, 'gini': 0.0, 'total_wealth': 1000, 'avg_wealth': 10.0}
2026-04-11 11:05:06,713 - simulation.simulation - DEBUG - Step 264: Recorded metrics - {'tick': 265, 'gini': 0.0, 'total_wealth': 1000, 'avg_wealth': 10.0}
2026-04-11 11:05:06,713 - simulation.simulation - DEBUG - Step 265: Recorded metrics - {'tick': 266, 'gini': 0.0, 'total_wealth': 1000, 'avg_wealth': 10.0}
2026-04-11 11:05:06,713 - simulation.simulation - DEBUG - Step 266: Recorded metrics - {'tick': 267, 'gini': 0.0, 'total_wealth': 1000, 'avg_wealth': 10.0}
2026-04-11 11:05:06,714 - simulation.simulation - DEBUG - Step 267: Recorded metrics - {'tick': 268, 'gini': 0.0, 'total_wealth': 1000, 'avg_wealth': 10.0}
2026-04-11 11:05:06,714 - simulation.simulation - DEBUG - Step 268: Recorded metrics - {'tick': 269, 'gini': 0.0, 'total_wealth': 1000, 'avg_wealth': 10.0}
2026-04-11 11:05:06,714 - simulation.simulation - DEBUG - Step 269: Recorded metrics - {'tick': 270, 'gini': 0.0, 'total_wealth': 1000, 'avg_wealth': 10.0}
2026-04-11 11:05:06,714 - simulation.simulation - DEBUG - Step 270: Recorded metrics - {'tick': 271, 'gini': 0.0, 'total_wealth': 1000, 'avg_wealth': 10.0}
2026-04-11 11:05:06,714 - simulation.simulation - DEBUG - Step 271: Recorded metrics - {'tick': 272, 'gini': 0.0, 'total_wealth': 1000, 'avg_wealth': 10.0}
2026-04-11 11:05:06,714 - simulation.simulation - DEBUG - Step 272: Recorded metrics - {'tick': 273, 'gini': 0.0, 'total_wealth': 1000, 'avg_wealth': 10.0}
2026-04-11 11:05:06,714 - simulation.simulation - DEBUG - Step 273: Recorded metrics - {'tick': 274, 'gini': 0.0, 'total_wealth': 1000, 'avg_wealth': 10.0}
2026-04-11 11:05:06,714 - simulation.simulation - DEBUG - Step 274: Recorded metrics - {'tick': 275, 'gini': 0.0, 'total_wealth': 1000, 'avg_wealth': 10.0}
2026-04-11 11:05:06,715 - simulation.simulation - DEBUG - Step 275: Recorded metrics - {'tick': 276, 'gini': 0.0, 'total_wealth': 1000, 'avg_wealth': 10.0}
2026-04-11 11:05:06,715 - simulation.simulation - DEBUG - Step 276: Recorded metrics - {'tick': 277, 'gini': 0.0, 'total_wealth': 1000, 'avg_wealth': 10.0}
2026-04-11 11:05:06,715 - simulation.simulation - DEBUG - Step 277: Recorded metrics - {'tick': 278, 'gini': 0.0, 'total_wealth': 1000, 'avg_wealth': 10.0}
2026-04-11 11:05:06,715 - simulation.simulation - DEBUG - Step 278: Recorded metrics - {'tick': 279, 'gini': 0.0, 'total_wealth': 1000, 'avg_wealth': 10.0}
2026-04-11 11:05:06,715 - simulation.simulation - DEBUG - Step 279: Recorded metrics - {'tick': 280, 'gini': 0.0, 'total_wealth': 1000, 'avg_wealth': 10.0}
2026-04-11 11:05:06,715 - simulation.simulation - DEBUG - Step 280: Recorded metrics - {'tick': 281, 'gini': 0.0, 'total_wealth': 1000, 'avg_wealth': 10.0}
2026-04-11 11:05:06,715 - simulation.simulation - DEBUG - Step 281: Recorded metrics - {'tick': 282, 'gini': 0.0, 'total_wealth': 1000, 'avg_wealth': 10.0}
2026-04-11 11:05:06,716 - simulation.simulation - DEBUG - Step 282: Recorded metrics - {'tick': 283, 'gini': 0.0, 'total_wealth': 1000, 'avg_wealth': 10.0}
2026-04-11 11:05:06,716 - simulation.simulation - DEBUG - Step 283: Recorded metrics - {'tick': 284, 'gini': 0.0, 'total_wealth': 1000, 'avg_wealth': 10.0}
2026-04-11 11:05:06,716 - simulation.simulation - DEBUG - Step 284: Recorded metrics - {'tick': 285, 'gini': 0.0, 'total_wealth': 1000, 'avg_wealth': 10.0}
2026-04-11 11:05:06,716 - simulation.simulation - DEBUG - Step 285: Recorded metrics - {'tick': 286, 'gini': 0.0, 'total_wealth': 1000, 'avg_wealth': 10.0}
2026-04-11 11:05:06,716 - simulation.simulation - DEBUG - Step 286: Recorded metrics - {'tick': 287, 'gini': 0.0, 'total_wealth': 1000, 'avg_wealth': 10.0}
2026-04-11 11:05:06,716 - simulation.simulation - DEBUG - Step 287: Recorded metrics - {'tick': 288, 'gini': 0.0, 'total_wealth': 1000, 'avg_wealth': 10.0}
2026-04-11 11:05:06,716 - simulation.simulation - DEBUG - Step 288: Recorded metrics - {'tick': 289, 'gini': 0.0, 'total_wealth': 1000, 'avg_wealth': 10.0}
2026-04-11 11:05:06,716 - simulation.simulation - DEBUG - Step 289: Recorded metrics - {'tick': 290, 'gini': 0.0, 'total_wealth': 1000, 'avg_wealth': 10.0}
2026-04-11 11:05:06,717 - simulation.simulation - DEBUG - Step 290: Recorded metrics - {'tick': 291, 'gini': 0.0, 'total_wealth': 1000, 'avg_wealth': 10.0}
2026-04-11 11:05:06,717 - simulation.simulation - DEBUG - Step 291: Recorded metrics - {'tick': 292, 'gini': 0.0, 'total_wealth': 1000, 'avg_wealth': 10.0}
2026-04-11 11:05:06,717 - simulation.simulation - DEBUG - Step 292: Recorded metrics - {'tick': 293, 'gini': 0.0, 'total_wealth': 1000, 'avg_wealth': 10.0}
2026-04-11 11:05:06,717 - simulation.simulation - DEBUG - Step 293: Recorded metrics - {'tick': 294, 'gini': 0.0, 'total_wealth': 1000, 'avg_wealth': 10.0}
2026-04-11 11:05:06,717 - simulation.simulation - DEBUG - Step 294: Recorded metrics - {'tick': 295, 'gini': 0.0, 'total_wealth': 1000, 'avg_wealth': 10.0}
2026-04-11 11:05:06,717 - simulation.simulation - DEBUG - Step 295: Recorded metrics - {'tick': 296, 'gini': 0.0, 'total_wealth': 1000, 'avg_wealth': 10.0}
2026-04-11 11:05:06,717 - simulation.simulation - DEBUG - Step 296: Recorded metrics - {'tick': 297, 'gini': 0.0, 'total_wealth': 1000, 'avg_wealth': 10.0}
2026-04-11 11:05:06,717 - simulation.simulation - DEBUG - Step 297: Recorded metrics - {'tick': 298, 'gini': 0.0, 'total_wealth': 1000, 'avg_wealth': 10.0}
2026-04-11 11:05:06,718 - simulation.simulation - DEBUG - Step 298: Recorded metrics - {'tick': 299, 'gini': 0.0, 'total_wealth': 1000, 'avg_wealth': 10.0}
2026-04-11 11:05:06,718 - simulation.simulation - DEBUG - Step 299: Recorded metrics - {'tick': 300, 'gini': 0.0, 'total_wealth': 1000, 'avg_wealth': 10.0}
2026-04-11 11:05:06,718 - simulation.simulation - DEBUG - Step 300: Recorded metrics - {'tick': 301, 'gini': 0.0, 'total_wealth': 1000, 'avg_wealth': 10.0}
2026-04-11 11:05:06,718 - simulation.simulation - DEBUG - Step 301: Recorded metrics - {'tick': 302, 'gini': 0.0, 'total_wealth': 1000, 'avg_wealth': 10.0}
2026-04-11 11:05:06,718 - simulation.simulation - DEBUG - Step 302: Recorded metrics - {'tick': 303, 'gini': 0.0, 'total_wealth': 1000, 'avg_wealth': 10.0}
2026-04-11 11:05:06,718 - simulation.simulation - DEBUG - Step 303: Recorded metrics - {'tick': 304, 'gini': 0.0, 'total_wealth': 1000, 'avg_wealth': 10.0}
2026-04-11 11:05:06,718 - simulation.simulation - DEBUG - Step 304: Recorded metrics - {'tick': 305, 'gini': 0.0, 'total_wealth': 1000, 'avg_wealth': 10.0}
2026-04-11 11:05:06,718 - simulation.simulation - DEBUG - Step 305: Recorded metrics - {'tick': 306, 'gini': 0.0, 'total_wealth': 1000, 'avg_wealth': 10.0}
2026-04-11 11:05:06,719 - simulation.simulation - DEBUG - Step 306: Recorded metrics - {'tick': 307, 'gini': 0.0, 'total_wealth': 1000, 'avg_wealth': 10.0}
2026-04-11 11:05:06,719 - simulation.simulation - DEBUG - Step 307: Recorded metrics - {'tick': 308, 'gini': 0.0, 'total_wealth': 1000, 'avg_wealth': 10.0}
2026-04-11 11:05:06,719 - simulation.simulation - DEBUG - Step 308: Recorded metrics - {'tick': 309, 'gini': 0.0, 'total_wealth': 1000, 'avg_wealth': 10.0}
2026-04-11 11:05:06,719 - simulation.simulation - DEBUG - Step 309: Recorded metrics - {'tick': 310, 'gini': 0.0, 'total_wealth': 1000, 'avg_wealth': 10.0}
2026-04-11 11:05:06,719 - simulation.simulation - DEBUG - Step 310: Recorded metrics - {'tick': 311, 'gini': 0.0, 'total_wealth': 1000, 'avg_wealth': 10.0}
2026-04-11 11:05:06,719 - simulation.simulation - DEBUG - Step 311: Recorded metrics - {'tick': 312, 'gini': 0.0, 'total_wealth': 1000, 'avg_wealth': 10.0}
2026-04-11 11:05:06,719 - simulation.simulation - DEBUG - Step 312: Recorded metrics - {'tick': 313, 'gini': 0.0, 'total_wealth': 1000, 'avg_wealth': 10.0}
2026-04-11 11:05:06,719 - simulation.simulation - DEBUG - Step 313: Recorded metrics - {'tick': 314, 'gini': 0.0, 'total_wealth': 1000, 'avg_wealth': 10.0}
2026-04-11 11:05:06,720 - simulation.simulation - DEBUG - Step 314: Recorded metrics - {'tick': 315, 'gini': 0.0, 'total_wealth': 1000, 'avg_wealth': 10.0}
2026-04-11 11:05:06,720 - simulation.simulation - DEBUG - Step 315: Recorded metrics - {'tick': 316, 'gini': 0.0, 'total_wealth': 1000, 'avg_wealth': 10.0}
2026-04-11 11:05:06,720 - simulation.simulation - DEBUG - Step 316: Recorded metrics - {'tick': 317, 'gini': 0.0, 'total_wealth': 1000, 'avg_wealth': 10.0}
2026-04-11 11:05:06,720 - simulation.simulation - DEBUG - Step 317: Recorded metrics - {'tick': 318, 'gini': 0.0, 'total_wealth': 1000, 'avg_wealth': 10.0}
2026-04-11 11:05:06,720 - simulation.simulation - DEBUG - Step 318: Recorded metrics - {'tick': 319, 'gini': 0.0, 'total_wealth': 1000, 'avg_wealth': 10.0}
2026-04-11 11:05:06,720 - simulation.simulation - DEBUG - Step 319: Recorded metrics - {'tick': 320, 'gini': 0.0, 'total_wealth': 1000, 'avg_wealth': 10.0}
2026-04-11 11:05:06,720 - simulation.simulation - DEBUG - Step 320: Recorded metrics - {'tick': 321, 'gini': 0.0, 'total_wealth': 1000, 'avg_wealth': 10.0}
2026-04-11 11:05:06,720 - simulation.simulation - DEBUG - Step 321: Recorded metrics - {'tick': 322, 'gini': 0.0, 'total_wealth': 1000, 'avg_wealth': 10.0}
2026-04-11 11:05:06,721 - simulation.simulation - DEBUG - Step 322: Recorded metrics - {'tick': 323, 'gini': 0.0, 'total_wealth': 1000, 'avg_wealth': 10.0}
2026-04-11 11:05:06,721 - simulation.simulation - DEBUG - Step 323: Recorded metrics - {'tick': 324, 'gini': 0.0, 'total_wealth': 1000, 'avg_wealth': 10.0}
2026-04-11 11:05:06,721 - simulation.simulation - DEBUG - Step 324: Recorded metrics - {'tick': 325, 'gini': 0.0, 'total_wealth': 1000, 'avg_wealth': 10.0}
2026-04-11 11:05:06,721 - simulation.simulation - DEBUG - Step 325: Recorded metrics - {'tick': 326, 'gini': 0.0, 'total_wealth': 1000, 'avg_wealth': 10.0}
2026-04-11 11:05:06,721 - simulation.simulation - DEBUG - Step 326: Recorded metrics - {'tick': 327, 'gini': 0.0, 'total_wealth': 1000, 'avg_wealth': 10.0}
2026-04-11 11:05:06,721 - simulation.simulation - DEBUG - Step 327: Recorded metrics - {'tick': 328, 'gini': 0.0, 'total_wealth': 1000, 'avg_wealth': 10.0}
2026-04-11 11:05:06,721 - simulation.simulation - DEBUG - Step 328: Recorded metrics - {'tick': 329, 'gini': 0.0, 'total_wealth': 1000, 'avg_wealth': 10.0}
2026-04-11 11:05:06,721 - simulation.simulation - DEBUG - Step 329: Recorded metrics - {'tick': 330, 'gini': 0.0, 'total_wealth': 1000, 'avg_wealth': 10.0}
2026-04-11 11:05:06,722 - simulation.simulation - DEBUG - Step 330: Recorded metrics - {'tick': 331, 'gini': 0.0, 'total_wealth': 1000, 'avg_wealth': 10.0}
2026-04-11 11:05:06,722 - simulation.simulation - DEBUG - Step 331: Recorded metrics - {'tick': 332, 'gini': 0.0, 'total_wealth': 1000, 'avg_wealth': 10.0}
2026-04-11 11:05:06,722 - simulation.simulation - DEBUG - Step 332: Recorded metrics - {'tick': 333, 'gini': 0.0, 'total_wealth': 1000, 'avg_wealth': 10.0}
2026-04-11 11:05:06,722 - simulation.simulation - DEBUG - Step 333: Recorded metrics - {'tick': 334, 'gini': 0.0, 'total_wealth': 1000, 'avg_wealth': 10.0}
2026-04-11 11:05:06,722 - simulation.simulation - DEBUG - Step 334: Recorded metrics - {'tick': 335, 'gini': 0.0, 'total_wealth': 1000, 'avg_wealth': 10.0}
2026-04-11 11:05:06,722 - simulation.simulation - DEBUG - Step 335: Recorded metrics - {'tick': 336, 'gini': 0.0, 'total_wealth': 1000, 'avg_wealth': 10.0}
2026-04-11 11:05:06,722 - simulation.simulation - DEBUG - Step 336: Recorded metrics - {'tick': 337, 'gini': 0.0, 'total_wealth': 1000, 'avg_wealth': 10.0}
2026-04-11 11:05:06,722 - simulation.simulation - DEBUG - Step 337: Recorded metrics - {'tick': 338, 'gini': 0.0, 'total_wealth': 1000, 'avg_wealth': 10.0}
2026-04-11 11:05:06,723 - simulation.simulation - DEBUG - Step 338: Recorded metrics - {'tick': 339, 'gini': 0.0, 'total_wealth': 1000, 'avg_wealth': 10.0}
2026-04-11 11:05:06,723 - simulation.simulation - DEBUG - Step 339: Recorded metrics - {'tick': 340, 'gini': 0.0, 'total_wealth': 1000, 'avg_wealth': 10.0}
2026-04-11 11:05:06,723 - simulation.simulation - DEBUG - Step 340: Recorded metrics - {'tick': 341, 'gini': 0.0, 'total_wealth': 1000, 'avg_wealth': 10.0}
2026-04-11 11:05:06,723 - simulation.simulation - DEBUG - Step 341: Recorded metrics - {'tick': 342, 'gini': 0.0, 'total_wealth': 1000, 'avg_wealth': 10.0}
2026-04-11 11:05:06,723 - simulation.simulation - DEBUG - Step 342: Recorded metrics - {'tick': 343, 'gini': 0.0, 'total_wealth': 1000, 'avg_wealth': 10.0}
2026-04-11 11:05:06,723 - simulation.simulation - DEBUG - Step 343: Recorded metrics - {'tick': 344, 'gini': 0.0, 'total_wealth': 1000, 'avg_wealth': 10.0}
2026-04-11 11:05:06,723 - simulation.simulation - DEBUG - Step 344: Recorded metrics - {'tick': 345, 'gini': 0.0, 'total_wealth': 1000, 'avg_wealth': 10.0}
2026-04-11 11:05:06,723 - simulation.simulation - DEBUG - Step 345: Recorded metrics - {'tick': 346, 'gini': 0.0, 'total_wealth': 1000, 'avg_wealth': 10.0}
2026-04-11 11:05:06,724 - simulation.simulation - DEBUG - Step 346: Recorded metrics - {'tick': 347, 'gini': 0.0, 'total_wealth': 1000, 'avg_wealth': 10.0}
2026-04-11 11:05:06,724 - simulation.simulation - DEBUG - Step 347: Recorded metrics - {'tick': 348, 'gini': 0.0, 'total_wealth': 1000, 'avg_wealth': 10.0}
2026-04-11 11:05:06,724 - simulation.simulation - DEBUG - Step 348: Recorded metrics - {'tick': 349, 'gini': 0.0, 'total_wealth': 1000, 'avg_wealth': 10.0}
2026-04-11 11:05:06,724 - simulation.simulation - DEBUG - Step 349: Recorded metrics - {'tick': 350, 'gini': 0.0, 'total_wealth': 1000, 'avg_wealth': 10.0}
2026-04-11 11:05:06,724 - simulation.simulation - DEBUG - Step 350: Recorded metrics - {'tick': 351, 'gini': 0.0, 'total_wealth': 1000, 'avg_wealth': 10.0}
2026-04-11 11:05:06,724 - simulation.simulation - DEBUG - Step 351: Recorded metrics - {'tick': 352, 'gini': 0.0, 'total_wealth': 1000, 'avg_wealth': 10.0}
2026-04-11 11:05:06,724 - simulation.simulation - DEBUG - Step 352: Recorded metrics - {'tick': 353, 'gini': 0.0, 'total_wealth': 1000, 'avg_wealth': 10.0}
2026-04-11 11:05:06,725 - simulation.simulation - DEBUG - Step 353: Recorded metrics - {'tick': 354, 'gini': 0.0, 'total_wealth': 1000, 'avg_wealth': 10.0}
2026-04-11 11:05:06,725 - simulation.simulation - DEBUG - Step 354: Recorded metrics - {'tick': 355, 'gini': 0.0, 'total_wealth': 1000, 'avg_wealth': 10.0}
2026-04-11 11:05:06,725 - simulation.simulation - DEBUG - Step 355: Recorded metrics - {'tick': 356, 'gini': 0.0, 'total_wealth': 1000, 'avg_wealth': 10.0}
2026-04-11 11:05:06,725 - simulation.simulation - DEBUG - Step 356: Recorded metrics - {'tick': 357, 'gini': 0.0, 'total_wealth': 1000, 'avg_wealth': 10.0}
2026-04-11 11:05:06,725 - simulation.simulation - DEBUG - Step 357: Recorded metrics - {'tick': 358, 'gini': 0.0, 'total_wealth': 1000, 'avg_wealth': 10.0}
2026-04-11 11:05:06,725 - simulation.simulation - DEBUG - Step 358: Recorded metrics - {'tick': 359, 'gini': 0.0, 'total_wealth': 1000, 'avg_wealth': 10.0}
2026-04-11 11:05:06,725 - simulation.simulation - DEBUG - Step 359: Recorded metrics - {'tick': 360, 'gini': 0.0, 'total_wealth': 1000, 'avg_wealth': 10.0}
2026-04-11 11:05:06,725 - simulation.simulation - DEBUG - Step 360: Recorded metrics - {'tick': 361, 'gini': 0.0, 'total_wealth': 1000, 'avg_wealth': 10.0}
2026-04-11 11:05:06,726 - simulation.simulation - DEBUG - Step 361: Recorded metrics - {'tick': 362, 'gini': 0.0, 'total_wealth': 1000, 'avg_wealth': 10.0}
2026-04-11 11:05:06,726 - simulation.simulation - DEBUG - Step 362: Recorded metrics - {'tick': 363, 'gini': 0.0, 'total_wealth': 1000, 'avg_wealth': 10.0}
2026-04-11 11:05:06,726 - simulation.simulation - DEBUG - Step 363: Recorded metrics - {'tick': 364, 'gini': 0.0, 'total_wealth': 1000, 'avg_wealth': 10.0}
2026-04-11 11:05:06,726 - simulation.simulation - DEBUG - Step 364: Recorded metrics - {'tick': 365, 'gini': 0.0, 'total_wealth': 1000, 'avg_wealth': 10.0}
2026-04-11 11:05:06,726 - simulation.simulation - DEBUG - Step 365: Recorded metrics - {'tick': 366, 'gini': 0.0, 'total_wealth': 1000, 'avg_wealth': 10.0}
2026-04-11 11:05:06,726 - simulation.simulation - DEBUG - Step 366: Recorded metrics - {'tick': 367, 'gini': 0.0, 'total_wealth': 1000, 'avg_wealth': 10.0}
2026-04-11 11:05:06,726 - simulation.simulation - DEBUG - Step 367: Recorded metrics - {'tick': 368, 'gini': 0.0, 'total_wealth': 1000, 'avg_wealth': 10.0}
2026-04-11 11:05:06,726 - simulation.simulation - DEBUG - Step 368: Recorded metrics - {'tick': 369, 'gini': 0.0, 'total_wealth': 1000, 'avg_wealth': 10.0}
2026-04-11 11:05:06,727 - simulation.simulation - DEBUG - Step 369: Recorded metrics - {'tick': 370, 'gini': 0.0, 'total_wealth': 1000, 'avg_wealth': 10.0}
2026-04-11 11:05:06,727 - simulation.simulation - DEBUG - Step 370: Recorded metrics - {'tick': 371, 'gini': 0.0, 'total_wealth': 1000, 'avg_wealth': 10.0}
2026-04-11 11:05:06,727 - simulation.simulation - DEBUG - Step 371: Recorded metrics - {'tick': 372, 'gini': 0.0, 'total_wealth': 1000, 'avg_wealth': 10.0}
2026-04-11 11:05:06,727 - simulation.simulation - DEBUG - Step 372: Recorded metrics - {'tick': 373, 'gini': 0.0, 'total_wealth': 1000, 'avg_wealth': 10.0}
2026-04-11 11:05:06,727 - simulation.simulation - DEBUG - Step 373: Recorded metrics - {'tick': 374, 'gini': 0.0, 'total_wealth': 1000, 'avg_wealth': 10.0}
2026-04-11 11:05:06,727 - simulation.simulation - DEBUG - Step 374: Recorded metrics - {'tick': 375, 'gini': 0.0, 'total_wealth': 1000, 'avg_wealth': 10.0}
2026-04-11 11:05:06,727 - simulation.simulation - DEBUG - Step 375: Recorded metrics - {'tick': 376, 'gini': 0.0, 'total_wealth': 1000, 'avg_wealth': 10.0}
2026-04-11 11:05:06,728 - simulation.simulation - DEBUG - Step 376: Recorded metrics - {'tick': 377, 'gini': 0.0, 'total_wealth': 1000, 'avg_wealth': 10.0}
2026-04-11 11:05:06,728 - simulation.simulation - DEBUG - Step 377: Recorded metrics - {'tick': 378, 'gini': 0.0, 'total_wealth': 1000, 'avg_wealth': 10.0}
2026-04-11 11:05:06,728 - simulation.simulation - DEBUG - Step 378: Recorded metrics - {'tick': 379, 'gini': 0.0, 'total_wealth': 1000, 'avg_wealth': 10.0}
2026-04-11 11:05:06,728 - simulation.simulation - DEBUG - Step 379: Recorded metrics - {'tick': 380, 'gini': 0.0, 'total_wealth': 1000, 'avg_wealth': 10.0}
2026-04-11 11:05:06,728 - simulation.simulation - DEBUG - Step 380: Recorded metrics - {'tick': 381, 'gini': 0.0, 'total_wealth': 1000, 'avg_wealth': 10.0}
2026-04-11 11:05:06,728 - simulation.simulation - DEBUG - Step 381: Recorded metrics - {'tick': 382, 'gini': 0.0, 'total_wealth': 1000, 'avg_wealth': 10.0}
2026-04-11 11:05:06,728 - simulation.simulation - DEBUG - Step 382: Recorded metrics - {'tick': 383, 'gini': 0.0, 'total_wealth': 1000, 'avg_wealth': 10.0}
2026-04-11 11:05:06,728 - simulation.simulation - DEBUG - Step 383: Recorded metrics - {'tick': 384, 'gini': 0.0, 'total_wealth': 1000, 'avg_wealth': 10.0}
2026-04-11 11:05:06,729 - simulation.simulation - DEBUG - Step 384: Recorded metrics - {'tick': 385, 'gini': 0.0, 'total_wealth': 1000, 'avg_wealth': 10.0}
2026-04-11 11:05:06,729 - simulation.simulation - DEBUG - Step 385: Recorded metrics - {'tick': 386, 'gini': 0.0, 'total_wealth': 1000, 'avg_wealth': 10.0}
2026-04-11 11:05:06,729 - simulation.simulation - DEBUG - Step 386: Recorded metrics - {'tick': 387, 'gini': 0.0, 'total_wealth': 1000, 'avg_wealth': 10.0}
2026-04-11 11:05:06,729 - simulation.simulation - DEBUG - Step 387: Recorded metrics - {'tick': 388, 'gini': 0.0, 'total_wealth': 1000, 'avg_wealth': 10.0}
2026-04-11 11:05:06,729 - simulation.simulation - DEBUG - Step 388: Recorded metrics - {'tick': 389, 'gini': 0.0, 'total_wealth': 1000, 'avg_wealth': 10.0}
2026-04-11 11:05:06,729 - simulation.simulation - DEBUG - Step 389: Recorded metrics - {'tick': 390, 'gini': 0.0, 'total_wealth': 1000, 'avg_wealth': 10.0}
2026-04-11 11:05:06,729 - simulation.simulation - DEBUG - Step 390: Recorded metrics - {'tick': 391, 'gini': 0.0, 'total_wealth': 1000, 'avg_wealth': 10.0}
2026-04-11 11:05:06,729 - simulation.simulation - DEBUG - Step 391: Recorded metrics - {'tick': 392, 'gini': 0.0, 'total_wealth': 1000, 'avg_wealth': 10.0}
2026-04-11 11:05:06,730 - simulation.simulation - DEBUG - Step 392: Recorded metrics - {'tick': 393, 'gini': 0.0, 'total_wealth': 1000, 'avg_wealth': 10.0}
2026-04-11 11:05:06,730 - simulation.simulation - DEBUG - Step 393: Recorded metrics - {'tick': 394, 'gini': 0.0, 'total_wealth': 1000, 'avg_wealth': 10.0}
2026-04-11 11:05:06,730 - simulation.simulation - DEBUG - Step 394: Recorded metrics - {'tick': 395, 'gini': 0.0, 'total_wealth': 1000, 'avg_wealth': 10.0}
2026-04-11 11:05:06,730 - simulation.simulation - DEBUG - Step 395: Recorded metrics - {'tick': 396, 'gini': 0.0, 'total_wealth': 1000, 'avg_wealth': 10.0}
2026-04-11 11:05:06,730 - simulation.simulation - DEBUG - Step 396: Recorded metrics - {'tick': 397, 'gini': 0.0, 'total_wealth': 1000, 'avg_wealth': 10.0}
2026-04-11 11:05:06,730 - simulation.simulation - DEBUG - Step 397: Recorded metrics - {'tick': 398, 'gini': 0.0, 'total_wealth': 1000, 'avg_wealth': 10.0}
2026-04-11 11:05:06,730 - simulation.simulation - DEBUG - Step 398: Recorded metrics - {'tick': 399, 'gini': 0.0, 'total_wealth': 1000, 'avg_wealth': 10.0}
2026-04-11 11:05:06,730 - simulation.simulation - DEBUG - Step 399: Recorded metrics - {'tick': 400, 'gini': 0.0, 'total_wealth': 1000, 'avg_wealth': 10.0}
2026-04-11 11:05:06,731 - simulation.simulation - DEBUG - Step 400: Recorded metrics - {'tick': 401, 'gini': 0.0, 'total_wealth': 1000, 'avg_wealth': 10.0}
2026-04-11 11:05:06,731 - simulation.simulation - DEBUG - Step 401: Recorded metrics - {'tick': 402, 'gini': 0.0, 'total_wealth': 1000, 'avg_wealth': 10.0}
2026-04-11 11:05:06,731 - simulation.simulation - DEBUG - Step 402: Recorded metrics - {'tick': 403, 'gini': 0.0, 'total_wealth': 1000, 'avg_wealth': 10.0}
2026-04-11 11:05:06,731 - simulation.simulation - DEBUG - Step 403: Recorded metrics - {'tick': 404, 'gini': 0.0, 'total_wealth': 1000, 'avg_wealth': 10.0}
2026-04-11 11:05:06,731 - simulation.simulation - DEBUG - Step 404: Recorded metrics - {'tick': 405, 'gini': 0.0, 'total_wealth': 1000, 'avg_wealth': 10.0}
2026-04-11 11:05:06,731 - simulation.simulation - DEBUG - Step 405: Recorded metrics - {'tick': 406, 'gini': 0.0, 'total_wealth': 1000, 'avg_wealth': 10.0}
2026-04-11 11:05:06,731 - simulation.simulation - DEBUG - Step 406: Recorded metrics - {'tick': 407, 'gini': 0.0, 'total_wealth': 1000, 'avg_wealth': 10.0}
2026-04-11 11:05:06,732 - simulation.simulation - DEBUG - Step 407: Recorded metrics - {'tick': 408, 'gini': 0.0, 'total_wealth': 1000, 'avg_wealth': 10.0}
2026-04-11 11:05:06,732 - simulation.simulation - DEBUG - Step 408: Recorded metrics - {'tick': 409, 'gini': 0.0, 'total_wealth': 1000, 'avg_wealth': 10.0}
2026-04-11 11:05:06,732 - simulation.simulation - DEBUG - Step 409: Recorded metrics - {'tick': 410, 'gini': 0.0, 'total_wealth': 1000, 'avg_wealth': 10.0}
2026-04-11 11:05:06,732 - simulation.simulation - DEBUG - Step 410: Recorded metrics - {'tick': 411, 'gini': 0.0, 'total_wealth': 1000, 'avg_wealth': 10.0}
2026-04-11 11:05:06,732 - simulation.simulation - DEBUG - Step 411: Recorded metrics - {'tick': 412, 'gini': 0.0, 'total_wealth': 1000, 'avg_wealth': 10.0}
2026-04-11 11:05:06,732 - simulation.simulation - DEBUG - Step 412: Recorded metrics - {'tick': 413, 'gini': 0.0, 'total_wealth': 1000, 'avg_wealth': 10.0}
2026-04-11 11:05:06,732 - simulation.simulation - DEBUG - Step 413: Recorded metrics - {'tick': 414, 'gini': 0.0, 'total_wealth': 1000, 'avg_wealth': 10.0}
2026-04-11 11:05:06,732 - simulation.simulation - DEBUG - Step 414: Recorded metrics - {'tick': 415, 'gini': 0.0, 'total_wealth': 1000, 'avg_wealth': 10.0}
2026-04-11 11:05:06,732 - simulation.simulation - DEBUG - Step 415: Recorded metrics - {'tick': 416, 'gini': 0.0, 'total_wealth': 1000, 'avg_wealth': 10.0}
2026-04-11 11:05:06,733 - simulation.simulation - DEBUG - Step 416: Recorded metrics - {'tick': 417, 'gini': 0.0, 'total_wealth': 1000, 'avg_wealth': 10.0}
2026-04-11 11:05:06,733 - simulation.simulation - DEBUG - Step 417: Recorded metrics - {'tick': 418, 'gini': 0.0, 'total_wealth': 1000, 'avg_wealth': 10.0}
2026-04-11 11:05:06,733 - simulation.simulation - DEBUG - Step 418: Recorded metrics - {'tick': 419, 'gini': 0.0, 'total_wealth': 1000, 'avg_wealth': 10.0}
2026-04-11 11:05:06,733 - simulation.simulation - DEBUG - Step 419: Recorded metrics - {'tick': 420, 'gini': 0.0, 'total_wealth': 1000, 'avg_wealth': 10.0}
2026-04-11 11:05:06,733 - simulation.simulation - DEBUG - Step 420: Recorded metrics - {'tick': 421, 'gini': 0.0, 'total_wealth': 1000, 'avg_wealth': 10.0}
2026-04-11 11:05:06,733 - simulation.simulation - DEBUG - Step 421: Recorded metrics - {'tick': 422, 'gini': 0.0, 'total_wealth': 1000, 'avg_wealth': 10.0}
2026-04-11 11:05:06,733 - simulation.simulation - DEBUG - Step 422: Recorded metrics - {'tick': 423, 'gini': 0.0, 'total_wealth': 1000, 'avg_wealth': 10.0}
2026-04-11 11:05:06,734 - simulation.simulation - DEBUG - Step 423: Recorded metrics - {'tick': 424, 'gini': 0.0, 'total_wealth': 1000, 'avg_wealth': 10.0}
2026-04-11 11:05:06,734 - simulation.simulation - DEBUG - Step 424: Recorded metrics - {'tick': 425, 'gini': 0.0, 'total_wealth': 1000, 'avg_wealth': 10.0}
2026-04-11 11:05:06,734 - simulation.simulation - DEBUG - Step 425: Recorded metrics - {'tick': 426, 'gini': 0.0, 'total_wealth': 1000, 'avg_wealth': 10.0}
2026-04-11 11:05:06,734 - simulation.simulation - DEBUG - Step 426: Recorded metrics - {'tick': 427, 'gini': 0.0, 'total_wealth': 1000, 'avg_wealth': 10.0}
2026-04-11 11:05:06,734 - simulation.simulation - DEBUG - Step 427: Recorded metrics - {'tick': 428, 'gini': 0.0, 'total_wealth': 1000, 'avg_wealth': 10.0}
2026-04-11 11:05:06,734 - simulation.simulation - DEBUG - Step 428: Recorded metrics - {'tick': 429, 'gini': 0.0, 'total_wealth': 1000, 'avg_wealth': 10.0}
2026-04-11 11:05:06,734 - simulation.simulation - DEBUG - Step 429: Recorded metrics - {'tick': 430, 'gini': 0.0, 'total_wealth': 1000, 'avg_wealth': 10.0}
2026-04-11 11:05:06,734 - simulation.simulation - DEBUG - Step 430: Recorded metrics - {'tick': 431, 'gini': 0.0, 'total_wealth': 1000, 'avg_wealth': 10.0}
2026-04-11 11:05:06,735 - simulation.simulation - DEBUG - Step 431: Recorded metrics - {'tick': 432, 'gini': 0.0, 'total_wealth': 1000, 'avg_wealth': 10.0}
2026-04-11 11:05:06,735 - simulation.simulation - DEBUG - Step 432: Recorded metrics - {'tick': 433, 'gini': 0.0, 'total_wealth': 1000, 'avg_wealth': 10.0}
2026-04-11 11:05:06,735 - simulation.simulation - DEBUG - Step 433: Recorded metrics - {'tick': 434, 'gini': 0.0, 'total_wealth': 1000, 'avg_wealth': 10.0}
2026-04-11 11:05:06,735 - simulation.simulation - DEBUG - Step 434: Recorded metrics - {'tick': 435, 'gini': 0.0, 'total_wealth': 1000, 'avg_wealth': 10.0}
2026-04-11 11:05:06,735 - simulation.simulation - DEBUG - Step 435: Recorded metrics - {'tick': 436, 'gini': 0.0, 'total_wealth': 1000, 'avg_wealth': 10.0}
2026-04-11 11:05:06,735 - simulation.simulation - DEBUG - Step 436: Recorded metrics - {'tick': 437, 'gini': 0.0, 'total_wealth': 1000, 'avg_wealth': 10.0}
2026-04-11 11:05:06,735 - simulation.simulation - DEBUG - Step 437: Recorded metrics - {'tick': 438, 'gini': 0.0, 'total_wealth': 1000, 'avg_wealth': 10.0}
2026-04-11 11:05:06,735 - simulation.simulation - DEBUG - Step 438: Recorded metrics - {'tick': 439, 'gini': 0.0, 'total_wealth': 1000, 'avg_wealth': 10.0}
2026-04-11 11:05:06,736 - simulation.simulation - DEBUG - Step 439: Recorded metrics - {'tick': 440, 'gini': 0.0, 'total_wealth': 1000, 'avg_wealth': 10.0}
2026-04-11 11:05:06,736 - simulation.simulation - DEBUG - Step 440: Recorded metrics - {'tick': 441, 'gini': 0.0, 'total_wealth': 1000, 'avg_wealth': 10.0}
2026-04-11 11:05:06,736 - simulation.simulation - DEBUG - Step 441: Recorded metrics - {'tick': 442, 'gini': 0.0, 'total_wealth': 1000, 'avg_wealth': 10.0}
2026-04-11 11:05:06,736 - simulation.simulation - DEBUG - Step 442: Recorded metrics - {'tick': 443, 'gini': 0.0, 'total_wealth': 1000, 'avg_wealth': 10.0}
2026-04-11 11:05:06,736 - simulation.simulation - DEBUG - Step 443: Recorded metrics - {'tick': 444, 'gini': 0.0, 'total_wealth': 1000, 'avg_wealth': 10.0}
2026-04-11 11:05:06,736 - simulation.simulation - DEBUG - Step 444: Recorded metrics - {'tick': 445, 'gini': 0.0, 'total_wealth': 1000, 'avg_wealth': 10.0}
2026-04-11 11:05:06,736 - simulation.simulation - DEBUG - Step 445: Recorded metrics - {'tick': 446, 'gini': 0.0, 'total_wealth': 1000, 'avg_wealth': 10.0}
2026-04-11 11:05:06,736 - simulation.simulation - DEBUG - Step 446: Recorded metrics - {'tick': 447, 'gini': 0.0, 'total_wealth': 1000, 'avg_wealth': 10.0}
2026-04-11 11:05:06,737 - simulation.simulation - DEBUG - Step 447: Recorded metrics - {'tick': 448, 'gini': 0.0, 'total_wealth': 1000, 'avg_wealth': 10.0}
2026-04-11 11:05:06,737 - simulation.simulation - DEBUG - Step 448: Recorded metrics - {'tick': 449, 'gini': 0.0, 'total_wealth': 1000, 'avg_wealth': 10.0}
2026-04-11 11:05:06,737 - simulation.simulation - DEBUG - Step 449: Recorded metrics - {'tick': 450, 'gini': 0.0, 'total_wealth': 1000, 'avg_wealth': 10.0}
2026-04-11 11:05:06,737 - simulation.simulation - DEBUG - Step 450: Recorded metrics - {'tick': 451, 'gini': 0.0, 'total_wealth': 1000, 'avg_wealth': 10.0}
2026-04-11 11:05:06,737 - simulation.simulation - DEBUG - Step 451: Recorded metrics - {'tick': 452, 'gini': 0.0, 'total_wealth': 1000, 'avg_wealth': 10.0}
2026-04-11 11:05:06,737 - simulation.simulation - DEBUG - Step 452: Recorded metrics - {'tick': 453, 'gini': 0.0, 'total_wealth': 1000, 'avg_wealth': 10.0}
2026-04-11 11:05:06,737 - simulation.simulation - DEBUG - Step 453: Recorded metrics - {'tick': 454, 'gini': 0.0, 'total_wealth': 1000, 'avg_wealth': 10.0}
2026-04-11 11:05:06,737 - simulation.simulation - DEBUG - Step 454: Recorded metrics - {'tick': 455, 'gini': 0.0, 'total_wealth': 1000, 'avg_wealth': 10.0}
2026-04-11 11:05:06,738 - simulation.simulation - DEBUG - Step 455: Recorded metrics - {'tick': 456, 'gini': 0.0, 'total_wealth': 1000, 'avg_wealth': 10.0}
2026-04-11 11:05:06,738 - simulation.simulation - DEBUG - Step 456: Recorded metrics - {'tick': 457, 'gini': 0.0, 'total_wealth': 1000, 'avg_wealth': 10.0}
2026-04-11 11:05:06,738 - simulation.simulation - DEBUG - Step 457: Recorded metrics - {'tick': 458, 'gini': 0.0, 'total_wealth': 1000, 'avg_wealth': 10.0}
2026-04-11 11:05:06,738 - simulation.simulation - DEBUG - Step 458: Recorded metrics - {'tick': 459, 'gini': 0.0, 'total_wealth': 1000, 'avg_wealth': 10.0}
2026-04-11 11:05:06,738 - simulation.simulation - DEBUG - Step 459: Recorded metrics - {'tick': 460, 'gini': 0.0, 'total_wealth': 1000, 'avg_wealth': 10.0}
2026-04-11 11:05:06,738 - simulation.simulation - DEBUG - Step 460: Recorded metrics - {'tick': 461, 'gini': 0.0, 'total_wealth': 1000, 'avg_wealth': 10.0}
2026-04-11 11:05:06,738 - simulation.simulation - DEBUG - Step 461: Recorded metrics - {'tick': 462, 'gini': 0.0, 'total_wealth': 1000, 'avg_wealth': 10.0}
2026-04-11 11:05:06,739 - simulation.simulation - DEBUG - Step 462: Recorded metrics - {'tick': 463, 'gini': 0.0, 'total_wealth': 1000, 'avg_wealth': 10.0}
2026-04-11 11:05:06,739 - simulation.simulation - DEBUG - Step 463: Recorded metrics - {'tick': 464, 'gini': 0.0, 'total_wealth': 1000, 'avg_wealth': 10.0}
2026-04-11 11:05:06,739 - simulation.simulation - DEBUG - Step 464: Recorded metrics - {'tick': 465, 'gini': 0.0, 'total_wealth': 1000, 'avg_wealth': 10.0}
2026-04-11 11:05:06,739 - simulation.simulation - DEBUG - Step 465: Recorded metrics - {'tick': 466, 'gini': 0.0, 'total_wealth': 1000, 'avg_wealth': 10.0}
2026-04-11 11:05:06,739 - simulation.simulation - DEBUG - Step 466: Recorded metrics - {'tick': 467, 'gini': 0.0, 'total_wealth': 1000, 'avg_wealth': 10.0}
2026-04-11 11:05:06,739 - simulation.simulation - DEBUG - Step 467: Recorded metrics - {'tick': 468, 'gini': 0.0, 'total_wealth': 1000, 'avg_wealth': 10.0}
2026-04-11 11:05:06,739 - simulation.simulation - DEBUG - Step 468: Recorded metrics - {'tick': 469, 'gini': 0.0, 'total_wealth': 1000, 'avg_wealth': 10.0}
2026-04-11 11:05:06,740 - simulation.simulation - DEBUG - Step 469: Recorded metrics - {'tick': 470, 'gini': 0.0, 'total_wealth': 1000, 'avg_wealth': 10.0}
2026-04-11 11:05:06,740 - simulation.simulation - DEBUG - Step 470: Recorded metrics - {'tick': 471, 'gini': 0.0, 'total_wealth': 1000, 'avg_wealth': 10.0}
2026-04-11 11:05:06,740 - simulation.simulation - DEBUG - Step 471: Recorded metrics - {'tick': 472, 'gini': 0.0, 'total_wealth': 1000, 'avg_wealth': 10.0}
2026-04-11 11:05:06,740 - simulation.simulation - DEBUG - Step 472: Recorded metrics - {'tick': 473, 'gini': 0.0, 'total_wealth': 1000, 'avg_wealth': 10.0}
2026-04-11 11:05:06,740 - simulation.simulation - DEBUG - Step 473: Recorded metrics - {'tick': 474, 'gini': 0.0, 'total_wealth': 1000, 'avg_wealth': 10.0}
2026-04-11 11:05:06,740 - simulation.simulation - DEBUG - Step 474: Recorded metrics - {'tick': 475, 'gini': 0.0, 'total_wealth': 1000, 'avg_wealth': 10.0}
2026-04-11 11:05:06,740 - simulation.simulation - DEBUG - Step 475: Recorded metrics - {'tick': 476, 'gini': 0.0, 'total_wealth': 1000, 'avg_wealth': 10.0}
2026-04-11 11:05:06,740 - simulation.simulation - DEBUG - Step 476: Recorded metrics - {'tick': 477, 'gini': 0.0, 'total_wealth': 1000, 'avg_wealth': 10.0}
2026-04-11 11:05:06,741 - simulation.simulation - DEBUG - Step 477: Recorded metrics - {'tick': 478, 'gini': 0.0, 'total_wealth': 1000, 'avg_wealth': 10.0}
2026-04-11 11:05:06,741 - simulation.simulation - DEBUG - Step 478: Recorded metrics - {'tick': 479, 'gini': 0.0, 'total_wealth': 1000, 'avg_wealth': 10.0}
2026-04-11 11:05:06,741 - simulation.simulation - DEBUG - Step 479: Recorded metrics - {'tick': 480, 'gini': 0.0, 'total_wealth': 1000, 'avg_wealth': 10.0}
2026-04-11 11:05:06,741 - simulation.simulation - DEBUG - Step 480: Recorded metrics - {'tick': 481, 'gini': 0.0, 'total_wealth': 1000, 'avg_wealth': 10.0}
2026-04-11 11:05:06,741 - simulation.simulation - DEBUG - Step 481: Recorded metrics - {'tick': 482, 'gini': 0.0, 'total_wealth': 1000, 'avg_wealth': 10.0}
2026-04-11 11:05:06,741 - simulation.simulation - DEBUG - Step 482: Recorded metrics - {'tick': 483, 'gini': 0.0, 'total_wealth': 1000, 'avg_wealth': 10.0}
2026-04-11 11:05:06,741 - simulation.simulation - DEBUG - Step 483: Recorded metrics - {'tick': 484, 'gini': 0.0, 'total_wealth': 1000, 'avg_wealth': 10.0}
2026-04-11 11:05:06,741 - simulation.simulation - DEBUG - Step 484: Recorded metrics - {'tick': 485, 'gini': 0.0, 'total_wealth': 1000, 'avg_wealth': 10.0}
2026-04-11 11:05:06,742 - simulation.simulation - DEBUG - Step 485: Recorded metrics - {'tick': 486, 'gini': 0.0, 'total_wealth': 1000, 'avg_wealth': 10.0}
2026-04-11 11:05:06,742 - simulation.simulation - DEBUG - Step 486: Recorded metrics - {'tick': 487, 'gini': 0.0, 'total_wealth': 1000, 'avg_wealth': 10.0}
2026-04-11 11:05:06,742 - simulation.simulation - DEBUG - Step 487: Recorded metrics - {'tick': 488, 'gini': 0.0, 'total_wealth': 1000, 'avg_wealth': 10.0}
2026-04-11 11:05:06,742 - simulation.simulation - DEBUG - Step 488: Recorded metrics - {'tick': 489, 'gini': 0.0, 'total_wealth': 1000, 'avg_wealth': 10.0}
2026-04-11 11:05:06,742 - simulation.simulation - DEBUG - Step 489: Recorded metrics - {'tick': 490, 'gini': 0.0, 'total_wealth': 1000, 'avg_wealth': 10.0}
2026-04-11 11:05:06,742 - simulation.simulation - DEBUG - Step 490: Recorded metrics - {'tick': 491, 'gini': 0.0, 'total_wealth': 1000, 'avg_wealth': 10.0}
2026-04-11 11:05:06,742 - simulation.simulation - DEBUG - Step 491: Recorded metrics - {'tick': 492, 'gini': 0.0, 'total_wealth': 1000, 'avg_wealth': 10.0}
2026-04-11 11:05:06,742 - simulation.simulation - DEBUG - Step 492: Recorded metrics - {'tick': 493, 'gini': 0.0, 'total_wealth': 1000, 'avg_wealth': 10.0}
2026-04-11 11:05:06,743 - simulation.simulation - DEBUG - Step 493: Recorded metrics - {'tick': 494, 'gini': 0.0, 'total_wealth': 1000, 'avg_wealth': 10.0}
2026-04-11 11:05:06,743 - simulation.simulation - DEBUG - Step 494: Recorded metrics - {'tick': 495, 'gini': 0.0, 'total_wealth': 1000, 'avg_wealth': 10.0}
2026-04-11 11:05:06,743 - simulation.simulation - DEBUG - Step 495: Recorded metrics - {'tick': 496, 'gini': 0.0, 'total_wealth': 1000, 'avg_wealth': 10.0}
2026-04-11 11:05:06,743 - simulation.simulation - DEBUG - Step 496: Recorded metrics - {'tick': 497, 'gini': 0.0, 'total_wealth': 1000, 'avg_wealth': 10.0}
2026-04-11 11:05:06,743 - simulation.simulation - DEBUG - Step 497: Recorded metrics - {'tick': 498, 'gini': 0.0, 'total_wealth': 1000, 'avg_wealth': 10.0}
2026-04-11 11:05:06,743 - simulation.simulation - DEBUG - Step 498: Recorded metrics - {'tick': 499, 'gini': 0.0, 'total_wealth': 1000, 'avg_wealth': 10.0}
2026-04-11 11:05:06,743 - simulation.simulation - DEBUG - Step 499: Recorded metrics - {'tick': 500, 'gini': 0.0, 'total_wealth': 1000, 'avg_wealth': 10.0}
